{"C:\\Users\\Tony\\Desktop\\BC_34-myDiary\\server\\test\\Diary\\deleteDiaryEntryTest\\deleteDiaryEntryNotFound.js":{"path":"C:\\Users\\Tony\\Desktop\\BC_34-myDiary\\server\\test\\Diary\\deleteDiaryEntryTest\\deleteDiaryEntryNotFound.js","statementMap":{"0":{"start":{"line":3,"column":12},"end":{"line":3,"column":27}},"1":{"start":{"line":5,"column":13},"end":{"line":5,"column":42}},"2":{"start":{"line":7,"column":16},"end":{"line":7,"column":36}},"3":{"start":{"line":9,"column":17},"end":{"line":9,"column":50}},"4":{"start":{"line":11,"column":11},"end":{"line":11,"column":34}},"5":{"start":{"line":13,"column":12},"end":{"line":13,"column":40}},"6":{"start":{"line":15,"column":39},"end":{"line":15,"column":93}},"7":{"start":{"line":17,"column":0},"end":{"line":17,"column":24}},"8":{"start":{"line":18,"column":0},"end":{"line":18,"column":39}},"9":{"start":{"line":19,"column":0},"end":{"line":33,"column":3}},"10":{"start":{"line":20,"column":2},"end":{"line":32,"column":5}},"11":{"start":{"line":21,"column":4},"end":{"line":31,"column":7}},"12":{"start":{"line":22,"column":6},"end":{"line":30,"column":9}},"13":{"start":{"line":23,"column":8},"end":{"line":23,"column":36}},"14":{"start":{"line":24,"column":8},"end":{"line":24,"column":27}},"15":{"start":{"line":25,"column":8},"end":{"line":25,"column":39}},"16":{"start":{"line":26,"column":8},"end":{"line":26,"column":49}},"17":{"start":{"line":27,"column":8},"end":{"line":27,"column":47}},"18":{"start":{"line":28,"column":8},"end":{"line":28,"column":61}},"19":{"start":{"line":29,"column":8},"end":{"line":29,"column":15}}},"fnMap":{"0":{"name":"_interopRequireDefault","decl":{"start":{"line":15,"column":9},"end":{"line":15,"column":31}},"loc":{"start":{"line":15,"column":37},"end":{"line":15,"column":95}},"line":15},"1":{"name":"(anonymous_1)","decl":{"start":{"line":19,"column":31},"end":{"line":19,"column":32}},"loc":{"start":{"line":19,"column":43},"end":{"line":33,"column":1}},"line":19},"2":{"name":"(anonymous_2)","decl":{"start":{"line":20,"column":49},"end":{"line":20,"column":50}},"loc":{"start":{"line":20,"column":61},"end":{"line":32,"column":3}},"line":20},"3":{"name":"(anonymous_3)","decl":{"start":{"line":21,"column":76},"end":{"line":21,"column":77}},"loc":{"start":{"line":21,"column":92},"end":{"line":31,"column":5}},"line":21},"4":{"name":"(anonymous_4)","decl":{"start":{"line":22,"column":77},"end":{"line":22,"column":78}},"loc":{"start":{"line":22,"column":97},"end":{"line":30,"column":7}},"line":22}},"branchMap":{"0":{"loc":{"start":{"line":15,"column":46},"end":{"line":15,"column":92}},"type":"cond-expr","locations":[{"start":{"line":15,"column":70},"end":{"line":15,"column":73}},{"start":{"line":15,"column":76},"end":{"line":15,"column":92}}],"line":15},"1":{"loc":{"start":{"line":15,"column":46},"end":{"line":15,"column":67}},"type":"binary-expr","locations":[{"start":{"line":15,"column":46},"end":{"line":15,"column":49}},{"start":{"line":15,"column":53},"end":{"line":15,"column":67}}],"line":15}},"s":{"0":1,"1":1,"2":1,"3":1,"4":1,"5":1,"6":3,"7":1,"8":1,"9":1,"10":1,"11":1,"12":1,"13":1,"14":1,"15":1,"16":1,"17":1,"18":1,"19":1},"f":{"0":3,"1":1,"2":1,"3":1,"4":1},"b":{"0":[1,2],"1":[3,3]},"_coverageSchema":"d34fc3e6b8297bcde183f5492bcb8fcb36775295","hash":"7d114b85ab2e5f37915f892c30e4ccd77a3a6498","contentHash":"78fdb2ccc25c0c319e3e580abc21f4e8_12.0.2"},"C:\\Users\\Tony\\Desktop\\BC_34-myDiary\\server\\app.js":{"path":"C:\\Users\\Tony\\Desktop\\BC_34-myDiary\\server\\app.js","statementMap":{"0":{"start":{"line":3,"column":0},"end":{"line":5,"column":3}},"1":{"start":{"line":7,"column":15},"end":{"line":7,"column":33}},"2":{"start":{"line":9,"column":16},"end":{"line":9,"column":48}},"3":{"start":{"line":11,"column":18},"end":{"line":11,"column":40}},"4":{"start":{"line":13,"column":19},"end":{"line":13,"column":54}},"5":{"start":{"line":15,"column":14},"end":{"line":15,"column":31}},"6":{"start":{"line":17,"column":15},"end":{"line":17,"column":46}},"7":{"start":{"line":19,"column":19},"end":{"line":19,"column":50}},"8":{"start":{"line":21,"column":20},"end":{"line":21,"column":56}},"9":{"start":{"line":23,"column":39},"end":{"line":23,"column":93}},"10":{"start":{"line":25,"column":10},"end":{"line":25,"column":34}},"11":{"start":{"line":27,"column":0},"end":{"line":27,"column":38}},"12":{"start":{"line":28,"column":0},"end":{"line":28,"column":37}},"13":{"start":{"line":29,"column":0},"end":{"line":29,"column":61}},"14":{"start":{"line":31,"column":0},"end":{"line":31,"column":50}},"15":{"start":{"line":33,"column":0},"end":{"line":37,"column":3}},"16":{"start":{"line":34,"column":2},"end":{"line":36,"column":5}},"17":{"start":{"line":39,"column":0},"end":{"line":41,"column":3}},"18":{"start":{"line":40,"column":2},"end":{"line":40,"column":61}},"19":{"start":{"line":43,"column":11},"end":{"line":43,"column":35}},"20":{"start":{"line":45,"column":0},"end":{"line":45,"column":22}},"21":{"start":{"line":47,"column":13},"end":{"line":49,"column":2}},"22":{"start":{"line":48,"column":2},"end":{"line":48,"column":62}},"23":{"start":{"line":51,"column":0},"end":{"line":51,"column":25}}},"fnMap":{"0":{"name":"_interopRequireDefault","decl":{"start":{"line":23,"column":9},"end":{"line":23,"column":31}},"loc":{"start":{"line":23,"column":37},"end":{"line":23,"column":95}},"line":23},"1":{"name":"(anonymous_1)","decl":{"start":{"line":33,"column":8},"end":{"line":33,"column":9}},"loc":{"start":{"line":33,"column":28},"end":{"line":37,"column":1}},"line":33},"2":{"name":"(anonymous_2)","decl":{"start":{"line":39,"column":8},"end":{"line":39,"column":9}},"loc":{"start":{"line":39,"column":28},"end":{"line":41,"column":1}},"line":39},"3":{"name":"(anonymous_3)","decl":{"start":{"line":47,"column":41},"end":{"line":47,"column":42}},"loc":{"start":{"line":47,"column":53},"end":{"line":49,"column":1}},"line":47}},"branchMap":{"0":{"loc":{"start":{"line":23,"column":46},"end":{"line":23,"column":92}},"type":"cond-expr","locations":[{"start":{"line":23,"column":70},"end":{"line":23,"column":73}},{"start":{"line":23,"column":76},"end":{"line":23,"column":92}}],"line":23},"1":{"loc":{"start":{"line":23,"column":46},"end":{"line":23,"column":67}},"type":"binary-expr","locations":[{"start":{"line":23,"column":46},"end":{"line":23,"column":49}},{"start":{"line":23,"column":53},"end":{"line":23,"column":67}}],"line":23},"2":{"loc":{"start":{"line":43,"column":11},"end":{"line":43,"column":35}},"type":"binary-expr","locations":[{"start":{"line":43,"column":11},"end":{"line":43,"column":27}},{"start":{"line":43,"column":31},"end":{"line":43,"column":35}}],"line":43}},"s":{"0":1,"1":1,"2":1,"3":1,"4":1,"5":1,"6":1,"7":1,"8":1,"9":4,"10":1,"11":1,"12":1,"13":1,"14":1,"15":1,"16":0,"17":1,"18":0,"19":1,"20":1,"21":1,"22":1,"23":1},"f":{"0":4,"1":0,"2":0,"3":1},"b":{"0":[1,3],"1":[4,4],"2":[1,1]},"_coverageSchema":"d34fc3e6b8297bcde183f5492bcb8fcb36775295","hash":"6910108795a5ee2262d7d2c15a5e492d56249f51","contentHash":"adc9d8144f732c393a971410db5cce9f_12.0.2"},"C:\\Users\\Tony\\Desktop\\BC_34-myDiary\\server\\routes\\diaryRoutes.js":{"path":"C:\\Users\\Tony\\Desktop\\BC_34-myDiary\\server\\routes\\diaryRoutes.js","statementMap":{"0":{"start":{"line":3,"column":0},"end":{"line":5,"column":3}},"1":{"start":{"line":7,"column":15},"end":{"line":7,"column":33}},"2":{"start":{"line":9,"column":16},"end":{"line":9,"column":48}},"3":{"start":{"line":11,"column":31},"end":{"line":11,"column":121}},"4":{"start":{"line":13,"column":32},"end":{"line":13,"column":80}},"5":{"start":{"line":15,"column":36},"end":{"line":15,"column":136}},"6":{"start":{"line":17,"column":37},"end":{"line":17,"column":90}},"7":{"start":{"line":19,"column":37},"end":{"line":19,"column":139}},"8":{"start":{"line":21,"column":38},"end":{"line":21,"column":92}},"9":{"start":{"line":23,"column":34},"end":{"line":23,"column":130}},"10":{"start":{"line":25,"column":35},"end":{"line":25,"column":86}},"11":{"start":{"line":27,"column":34},"end":{"line":27,"column":130}},"12":{"start":{"line":29,"column":35},"end":{"line":29,"column":86}},"13":{"start":{"line":31,"column":39},"end":{"line":31,"column":93}},"14":{"start":{"line":33,"column":13},"end":{"line":33,"column":39}},"15":{"start":{"line":35,"column":0},"end":{"line":35,"column":61}},"16":{"start":{"line":36,"column":0},"end":{"line":36,"column":70}},"17":{"start":{"line":37,"column":0},"end":{"line":37,"column":75}},"18":{"start":{"line":38,"column":0},"end":{"line":38,"column":69}},"19":{"start":{"line":39,"column":0},"end":{"line":39,"column":72}},"20":{"start":{"line":40,"column":0},"end":{"line":40,"column":25}}},"fnMap":{"0":{"name":"_interopRequireDefault","decl":{"start":{"line":31,"column":9},"end":{"line":31,"column":31}},"loc":{"start":{"line":31,"column":37},"end":{"line":31,"column":95}},"line":31}},"branchMap":{"0":{"loc":{"start":{"line":31,"column":46},"end":{"line":31,"column":92}},"type":"cond-expr","locations":[{"start":{"line":31,"column":70},"end":{"line":31,"column":73}},{"start":{"line":31,"column":76},"end":{"line":31,"column":92}}],"line":31},"1":{"loc":{"start":{"line":31,"column":46},"end":{"line":31,"column":67}},"type":"binary-expr","locations":[{"start":{"line":31,"column":46},"end":{"line":31,"column":49}},{"start":{"line":31,"column":53},"end":{"line":31,"column":67}}],"line":31}},"s":{"0":1,"1":1,"2":1,"3":1,"4":1,"5":1,"6":1,"7":1,"8":1,"9":1,"10":1,"11":1,"12":1,"13":6,"14":1,"15":1,"16":1,"17":1,"18":1,"19":1,"20":1},"f":{"0":6},"b":{"0":[5,1],"1":[6,6]},"_coverageSchema":"d34fc3e6b8297bcde183f5492bcb8fcb36775295","hash":"5e5d2514bdda3522a0f256a8a191d9c43caf7f21","contentHash":"034aeb34658f07e36735694c0cf1cfff_12.0.2"},"C:\\Users\\Tony\\Desktop\\BC_34-myDiary\\server\\controllers\\diary controller\\addDiaryEntryController\\addDiaryEntryController.js":{"path":"C:\\Users\\Tony\\Desktop\\BC_34-myDiary\\server\\controllers\\diary controller\\addDiaryEntryController\\addDiaryEntryController.js","statementMap":{"0":{"start":{"line":3,"column":0},"end":{"line":5,"column":3}},"1":{"start":{"line":7,"column":19},"end":{"line":7,"column":563}},"2":{"start":{"line":7,"column":76},"end":{"line":7,"column":347}},"3":{"start":{"line":7,"column":134},"end":{"line":7,"column":142}},"4":{"start":{"line":7,"column":144},"end":{"line":7,"column":199}},"5":{"start":{"line":7,"column":200},"end":{"line":7,"column":231}},"6":{"start":{"line":7,"column":232},"end":{"line":7,"column":286}},"7":{"start":{"line":7,"column":259},"end":{"line":7,"column":286}},"8":{"start":{"line":7,"column":287},"end":{"line":7,"column":345}},"9":{"start":{"line":7,"column":350},"end":{"line":7,"column":559}},"10":{"start":{"line":7,"column":407},"end":{"line":7,"column":475}},"11":{"start":{"line":7,"column":423},"end":{"line":7,"column":475}},"12":{"start":{"line":7,"column":476},"end":{"line":7,"column":536}},"13":{"start":{"line":7,"column":493},"end":{"line":7,"column":536}},"14":{"start":{"line":7,"column":537},"end":{"line":7,"column":556}},"15":{"start":{"line":9,"column":31},"end":{"line":9,"column":85}},"16":{"start":{"line":11,"column":32},"end":{"line":11,"column":80}},"17":{"start":{"line":13,"column":20},"end":{"line":13,"column":45}},"18":{"start":{"line":15,"column":21},"end":{"line":15,"column":58}},"19":{"start":{"line":17,"column":39},"end":{"line":17,"column":93}},"20":{"start":{"line":19,"column":50},"end":{"line":19,"column":151}},"21":{"start":{"line":19,"column":92},"end":{"line":19,"column":149}},"22":{"start":{"line":24,"column":22},"end":{"line":55,"column":3}},"23":{"start":{"line":26,"column":4},"end":{"line":26,"column":43}},"24":{"start":{"line":29,"column":2},"end":{"line":52,"column":6}},"25":{"start":{"line":40,"column":34},"end":{"line":40,"column":82}},"26":{"start":{"line":41,"column":19},"end":{"line":41,"column":47}},"27":{"start":{"line":42,"column":20},"end":{"line":42,"column":49}},"28":{"start":{"line":44,"column":6},"end":{"line":50,"column":7}},"29":{"start":{"line":45,"column":8},"end":{"line":45,"column":56}},"30":{"start":{"line":47,"column":8},"end":{"line":49,"column":11}},"31":{"start":{"line":54,"column":2},"end":{"line":54,"column":25}},"32":{"start":{"line":57,"column":0},"end":{"line":57,"column":34}}},"fnMap":{"0":{"name":"(anonymous_0)","decl":{"start":{"line":7,"column":19},"end":{"line":7,"column":20}},"loc":{"start":{"line":7,"column":31},"end":{"line":7,"column":561}},"line":7},"1":{"name":"defineProperties","decl":{"start":{"line":7,"column":42},"end":{"line":7,"column":58}},"loc":{"start":{"line":7,"column":74},"end":{"line":7,"column":349}},"line":7},"2":{"name":"(anonymous_2)","decl":{"start":{"line":7,"column":357},"end":{"line":7,"column":358}},"loc":{"start":{"line":7,"column":405},"end":{"line":7,"column":558}},"line":7},"3":{"name":"_interopRequireDefault","decl":{"start":{"line":17,"column":9},"end":{"line":17,"column":31}},"loc":{"start":{"line":17,"column":37},"end":{"line":17,"column":95}},"line":17},"4":{"name":"_classCallCheck","decl":{"start":{"line":19,"column":9},"end":{"line":19,"column":24}},"loc":{"start":{"line":19,"column":48},"end":{"line":19,"column":153}},"line":19},"5":{"name":"(anonymous_5)","decl":{"start":{"line":24,"column":22},"end":{"line":24,"column":23}},"loc":{"start":{"line":24,"column":34},"end":{"line":55,"column":1}},"line":24},"6":{"name":"diarycontroller","decl":{"start":{"line":25,"column":11},"end":{"line":25,"column":26}},"loc":{"start":{"line":25,"column":29},"end":{"line":27,"column":3}},"line":25},"7":{"name":"addEntry","decl":{"start":{"line":38,"column":20},"end":{"line":38,"column":28}},"loc":{"start":{"line":38,"column":39},"end":{"line":51,"column":5}},"line":38}},"branchMap":{"0":{"loc":{"start":{"line":7,"column":168},"end":{"line":7,"column":198}},"type":"binary-expr","locations":[{"start":{"line":7,"column":168},"end":{"line":7,"column":189}},{"start":{"line":7,"column":193},"end":{"line":7,"column":198}}],"line":7},"1":{"loc":{"start":{"line":7,"column":232},"end":{"line":7,"column":286}},"type":"if","locations":[{"start":{"line":7,"column":232},"end":{"line":7,"column":286}},{"start":{"line":7,"column":232},"end":{"line":7,"column":286}}],"line":7},"2":{"loc":{"start":{"line":7,"column":407},"end":{"line":7,"column":475}},"type":"if","locations":[{"start":{"line":7,"column":407},"end":{"line":7,"column":475}},{"start":{"line":7,"column":407},"end":{"line":7,"column":475}}],"line":7},"3":{"loc":{"start":{"line":7,"column":476},"end":{"line":7,"column":536}},"type":"if","locations":[{"start":{"line":7,"column":476},"end":{"line":7,"column":536}},{"start":{"line":7,"column":476},"end":{"line":7,"column":536}}],"line":7},"4":{"loc":{"start":{"line":17,"column":46},"end":{"line":17,"column":92}},"type":"cond-expr","locations":[{"start":{"line":17,"column":70},"end":{"line":17,"column":73}},{"start":{"line":17,"column":76},"end":{"line":17,"column":92}}],"line":17},"5":{"loc":{"start":{"line":17,"column":46},"end":{"line":17,"column":67}},"type":"binary-expr","locations":[{"start":{"line":17,"column":46},"end":{"line":17,"column":49}},{"start":{"line":17,"column":53},"end":{"line":17,"column":67}}],"line":17},"6":{"loc":{"start":{"line":19,"column":50},"end":{"line":19,"column":151}},"type":"if","locations":[{"start":{"line":19,"column":50},"end":{"line":19,"column":151}},{"start":{"line":19,"column":50},"end":{"line":19,"column":151}}],"line":19},"7":{"loc":{"start":{"line":44,"column":6},"end":{"line":50,"column":7}},"type":"if","locations":[{"start":{"line":44,"column":6},"end":{"line":50,"column":7}},{"start":{"line":44,"column":6},"end":{"line":50,"column":7}}],"line":44}},"s":{"0":1,"1":1,"2":1,"3":1,"4":1,"5":1,"6":1,"7":1,"8":1,"9":1,"10":1,"11":0,"12":1,"13":1,"14":1,"15":1,"16":1,"17":1,"18":1,"19":2,"20":0,"21":0,"22":1,"23":0,"24":1,"25":11,"26":11,"27":11,"28":11,"29":3,"30":8,"31":1,"32":1},"f":{"0":1,"1":1,"2":1,"3":2,"4":0,"5":1,"6":0,"7":11},"b":{"0":[1,1],"1":[1,0],"2":[0,1],"3":[1,0],"4":[2,0],"5":[2,2],"6":[0,0],"7":[3,8]},"_coverageSchema":"d34fc3e6b8297bcde183f5492bcb8fcb36775295","hash":"15671f20d2856cd5c1c5fd869f589f657039b7cd","contentHash":"eaffef9192ad681ea32119130697697e_12.0.2"},"C:\\Users\\Tony\\Desktop\\BC_34-myDiary\\server\\validators\\postDiaryEntryValidator.js":{"path":"C:\\Users\\Tony\\Desktop\\BC_34-myDiary\\server\\validators\\postDiaryEntryValidator.js","statementMap":{"0":{"start":{"line":3,"column":0},"end":{"line":5,"column":3}},"1":{"start":{"line":7,"column":17},"end":{"line":7,"column":37}},"2":{"start":{"line":9,"column":18},"end":{"line":9,"column":52}},"3":{"start":{"line":11,"column":39},"end":{"line":11,"column":93}},"4":{"start":{"line":13,"column":30},"end":{"line":45,"column":1}},"5":{"start":{"line":14,"column":15},"end":{"line":14,"column":17}},"6":{"start":{"line":16,"column":2},"end":{"line":16,"column":33}},"7":{"start":{"line":17,"column":2},"end":{"line":17,"column":45}},"8":{"start":{"line":18,"column":2},"end":{"line":18,"column":37}},"9":{"start":{"line":22,"column":2},"end":{"line":28,"column":3}},"10":{"start":{"line":23,"column":4},"end":{"line":23,"column":45}},"11":{"start":{"line":24,"column":9},"end":{"line":28,"column":3}},"12":{"start":{"line":25,"column":4},"end":{"line":25,"column":115}},"13":{"start":{"line":26,"column":9},"end":{"line":28,"column":3}},"14":{"start":{"line":27,"column":4},"end":{"line":27,"column":74}},"15":{"start":{"line":29,"column":2},"end":{"line":35,"column":3}},"16":{"start":{"line":30,"column":4},"end":{"line":30,"column":57}},"17":{"start":{"line":31,"column":9},"end":{"line":35,"column":3}},"18":{"start":{"line":32,"column":4},"end":{"line":32,"column":170}},"19":{"start":{"line":33,"column":9},"end":{"line":35,"column":3}},"20":{"start":{"line":34,"column":4},"end":{"line":34,"column":82}},"21":{"start":{"line":37,"column":2},"end":{"line":39,"column":3}},"22":{"start":{"line":38,"column":4},"end":{"line":38,"column":54}},"23":{"start":{"line":41,"column":2},"end":{"line":44,"column":4}},"24":{"start":{"line":47,"column":0},"end":{"line":47,"column":42}}},"fnMap":{"0":{"name":"_interopRequireDefault","decl":{"start":{"line":11,"column":9},"end":{"line":11,"column":31}},"loc":{"start":{"line":11,"column":37},"end":{"line":11,"column":95}},"line":11},"1":{"name":"postDiaryEntryValidator","decl":{"start":{"line":13,"column":39},"end":{"line":13,"column":62}},"loc":{"start":{"line":13,"column":69},"end":{"line":45,"column":1}},"line":13}},"branchMap":{"0":{"loc":{"start":{"line":11,"column":46},"end":{"line":11,"column":92}},"type":"cond-expr","locations":[{"start":{"line":11,"column":70},"end":{"line":11,"column":73}},{"start":{"line":11,"column":76},"end":{"line":11,"column":92}}],"line":11},"1":{"loc":{"start":{"line":11,"column":46},"end":{"line":11,"column":67}},"type":"binary-expr","locations":[{"start":{"line":11,"column":46},"end":{"line":11,"column":49}},{"start":{"line":11,"column":53},"end":{"line":11,"column":67}}],"line":11},"2":{"loc":{"start":{"line":22,"column":2},"end":{"line":28,"column":3}},"type":"if","locations":[{"start":{"line":22,"column":2},"end":{"line":28,"column":3}},{"start":{"line":22,"column":2},"end":{"line":28,"column":3}}],"line":22},"3":{"loc":{"start":{"line":24,"column":9},"end":{"line":28,"column":3}},"type":"if","locations":[{"start":{"line":24,"column":9},"end":{"line":28,"column":3}},{"start":{"line":24,"column":9},"end":{"line":28,"column":3}}],"line":24},"4":{"loc":{"start":{"line":26,"column":9},"end":{"line":28,"column":3}},"type":"if","locations":[{"start":{"line":26,"column":9},"end":{"line":28,"column":3}},{"start":{"line":26,"column":9},"end":{"line":28,"column":3}}],"line":26},"5":{"loc":{"start":{"line":29,"column":2},"end":{"line":35,"column":3}},"type":"if","locations":[{"start":{"line":29,"column":2},"end":{"line":35,"column":3}},{"start":{"line":29,"column":2},"end":{"line":35,"column":3}}],"line":29},"6":{"loc":{"start":{"line":31,"column":9},"end":{"line":35,"column":3}},"type":"if","locations":[{"start":{"line":31,"column":9},"end":{"line":35,"column":3}},{"start":{"line":31,"column":9},"end":{"line":35,"column":3}}],"line":31},"7":{"loc":{"start":{"line":33,"column":9},"end":{"line":35,"column":3}},"type":"if","locations":[{"start":{"line":33,"column":9},"end":{"line":35,"column":3}},{"start":{"line":33,"column":9},"end":{"line":35,"column":3}}],"line":33},"8":{"loc":{"start":{"line":37,"column":2},"end":{"line":39,"column":3}},"type":"if","locations":[{"start":{"line":37,"column":2},"end":{"line":39,"column":3}},{"start":{"line":37,"column":2},"end":{"line":39,"column":3}}],"line":37},"9":{"loc":{"start":{"line":37,"column":6},"end":{"line":37,"column":169}},"type":"binary-expr","locations":[{"start":{"line":37,"column":6},"end":{"line":37,"column":48}},{"start":{"line":37,"column":52},"end":{"line":37,"column":114}},{"start":{"line":37,"column":118},"end":{"line":37,"column":169}}],"line":37}},"s":{"0":1,"1":1,"2":1,"3":1,"4":1,"5":21,"6":21,"7":21,"8":21,"9":21,"10":1,"11":20,"12":2,"13":18,"14":2,"15":21,"16":2,"17":19,"18":4,"19":15,"20":2,"21":21,"22":2,"23":21,"24":1},"f":{"0":1,"1":21},"b":{"0":[0,1],"1":[1,1],"2":[1,20],"3":[2,18],"4":[2,16],"5":[2,19],"6":[4,15],"7":[2,13],"8":[2,19],"9":[21,19,10]},"_coverageSchema":"d34fc3e6b8297bcde183f5492bcb8fcb36775295","hash":"322ad5c69c319a60f483d7b9455279bb8a8f5a0e","contentHash":"a07b7ef6e2fa1747e7bb5399a5388b66_12.0.2"},"C:\\Users\\Tony\\Desktop\\BC_34-myDiary\\server\\controllers\\diary controller\\addDiaryEntryController\\databaseCall.js":{"path":"C:\\Users\\Tony\\Desktop\\BC_34-myDiary\\server\\controllers\\diary controller\\addDiaryEntryController\\databaseCall.js","statementMap":{"0":{"start":{"line":3,"column":0},"end":{"line":5,"column":3}},"1":{"start":{"line":7,"column":21},"end":{"line":7,"column":70}},"2":{"start":{"line":9,"column":22},"end":{"line":9,"column":60}},"3":{"start":{"line":11,"column":22},"end":{"line":11,"column":49}},"4":{"start":{"line":13,"column":23},"end":{"line":13,"column":62}},"5":{"start":{"line":15,"column":39},"end":{"line":15,"column":93}},"6":{"start":{"line":17,"column":32},"end":{"line":35,"column":1}},"7":{"start":{"line":18,"column":14},"end":{"line":18,"column":24}},"8":{"start":{"line":19,"column":20},"end":{"line":19,"column":36}},"9":{"start":{"line":22,"column":22},"end":{"line":28,"column":3}},"10":{"start":{"line":30,"column":2},"end":{"line":30,"column":46}},"11":{"start":{"line":31,"column":2},"end":{"line":34,"column":5}},"12":{"start":{"line":36,"column":0},"end":{"line":36,"column":44}}},"fnMap":{"0":{"name":"_interopRequireDefault","decl":{"start":{"line":15,"column":9},"end":{"line":15,"column":31}},"loc":{"start":{"line":15,"column":37},"end":{"line":15,"column":95}},"line":15},"1":{"name":"addDiaryEntryDatabaseCall","decl":{"start":{"line":17,"column":41},"end":{"line":17,"column":66}},"loc":{"start":{"line":17,"column":83},"end":{"line":35,"column":1}},"line":17}},"branchMap":{"0":{"loc":{"start":{"line":15,"column":46},"end":{"line":15,"column":92}},"type":"cond-expr","locations":[{"start":{"line":15,"column":70},"end":{"line":15,"column":73}},{"start":{"line":15,"column":76},"end":{"line":15,"column":92}}],"line":15},"1":{"loc":{"start":{"line":15,"column":46},"end":{"line":15,"column":67}},"type":"binary-expr","locations":[{"start":{"line":15,"column":46},"end":{"line":15,"column":49}},{"start":{"line":15,"column":53},"end":{"line":15,"column":67}}],"line":15}},"s":{"0":1,"1":1,"2":1,"3":1,"4":1,"5":2,"6":1,"7":3,"8":3,"9":3,"10":3,"11":3,"12":1},"f":{"0":2,"1":3},"b":{"0":[2,0],"1":[2,2]},"_coverageSchema":"d34fc3e6b8297bcde183f5492bcb8fcb36775295","hash":"29571b07094496cb5b30c91b04bc82b0a8df2e89","contentHash":"ae47e340014b89972776a942edb59ff4_12.0.2"},"C:\\Users\\Tony\\Desktop\\BC_34-myDiary\\server\\data structures\\dummyDatabase.js":{"path":"C:\\Users\\Tony\\Desktop\\BC_34-myDiary\\server\\data structures\\dummyDatabase.js","statementMap":{"0":{"start":{"line":3,"column":0},"end":{"line":5,"column":3}},"1":{"start":{"line":6,"column":20},"end":{"line":56,"column":2}},"2":{"start":{"line":58,"column":0},"end":{"line":58,"column":32}}},"fnMap":{},"branchMap":{},"s":{"0":1,"1":1,"2":1},"f":{},"b":{},"_coverageSchema":"d34fc3e6b8297bcde183f5492bcb8fcb36775295","hash":"c665f864aecc7d77648cb0bded4f8e413e594100","contentHash":"8005ab9b066e8583a942971b1b949ce5_12.0.2"},"C:\\Users\\Tony\\Desktop\\BC_34-myDiary\\server\\controllers\\diary controller\\addDiaryEntryController\\isPrivacyEmpty.js":{"path":"C:\\Users\\Tony\\Desktop\\BC_34-myDiary\\server\\controllers\\diary controller\\addDiaryEntryController\\isPrivacyEmpty.js","statementMap":{"0":{"start":{"line":3,"column":0},"end":{"line":5,"column":3}},"1":{"start":{"line":9,"column":21},"end":{"line":14,"column":1}},"2":{"start":{"line":10,"column":2},"end":{"line":12,"column":3}},"3":{"start":{"line":11,"column":4},"end":{"line":11,"column":21}},"4":{"start":{"line":13,"column":2},"end":{"line":13,"column":22}},"5":{"start":{"line":15,"column":0},"end":{"line":15,"column":33}}},"fnMap":{"0":{"name":"isPrivacyEmpty","decl":{"start":{"line":9,"column":30},"end":{"line":9,"column":44}},"loc":{"start":{"line":9,"column":51},"end":{"line":14,"column":1}},"line":9}},"branchMap":{"0":{"loc":{"start":{"line":10,"column":2},"end":{"line":12,"column":3}},"type":"if","locations":[{"start":{"line":10,"column":2},"end":{"line":12,"column":3}},{"start":{"line":10,"column":2},"end":{"line":12,"column":3}}],"line":10}},"s":{"0":1,"1":1,"2":6,"3":2,"4":4,"5":1},"f":{"0":6},"b":{"0":[2,4]},"_coverageSchema":"d34fc3e6b8297bcde183f5492bcb8fcb36775295","hash":"c23cf8a22c3216e2a91e6247ba7534fef0bd5241","contentHash":"e00b6ee9546a160893407299942e7dd8_12.0.2"},"C:\\Users\\Tony\\Desktop\\BC_34-myDiary\\server\\controllers\\diary controller\\getAllDiaryEntriesController\\getAllDiaryEntriesController.js":{"path":"C:\\Users\\Tony\\Desktop\\BC_34-myDiary\\server\\controllers\\diary controller\\getAllDiaryEntriesController\\getAllDiaryEntriesController.js","statementMap":{"0":{"start":{"line":3,"column":0},"end":{"line":5,"column":3}},"1":{"start":{"line":7,"column":19},"end":{"line":7,"column":563}},"2":{"start":{"line":7,"column":76},"end":{"line":7,"column":347}},"3":{"start":{"line":7,"column":134},"end":{"line":7,"column":142}},"4":{"start":{"line":7,"column":144},"end":{"line":7,"column":199}},"5":{"start":{"line":7,"column":200},"end":{"line":7,"column":231}},"6":{"start":{"line":7,"column":232},"end":{"line":7,"column":286}},"7":{"start":{"line":7,"column":259},"end":{"line":7,"column":286}},"8":{"start":{"line":7,"column":287},"end":{"line":7,"column":345}},"9":{"start":{"line":7,"column":350},"end":{"line":7,"column":559}},"10":{"start":{"line":7,"column":407},"end":{"line":7,"column":475}},"11":{"start":{"line":7,"column":423},"end":{"line":7,"column":475}},"12":{"start":{"line":7,"column":476},"end":{"line":7,"column":536}},"13":{"start":{"line":7,"column":493},"end":{"line":7,"column":536}},"14":{"start":{"line":7,"column":537},"end":{"line":7,"column":556}},"15":{"start":{"line":9,"column":21},"end":{"line":9,"column":70}},"16":{"start":{"line":11,"column":22},"end":{"line":11,"column":60}},"17":{"start":{"line":13,"column":39},"end":{"line":13,"column":93}},"18":{"start":{"line":15,"column":50},"end":{"line":15,"column":151}},"19":{"start":{"line":15,"column":92},"end":{"line":15,"column":149}},"20":{"start":{"line":20,"column":22},"end":{"line":53,"column":3}},"21":{"start":{"line":22,"column":4},"end":{"line":22,"column":43}},"22":{"start":{"line":25,"column":2},"end":{"line":50,"column":6}},"23":{"start":{"line":37,"column":6},"end":{"line":48,"column":7}},"24":{"start":{"line":38,"column":8},"end":{"line":40,"column":11}},"25":{"start":{"line":45,"column":8},"end":{"line":47,"column":11}},"26":{"start":{"line":52,"column":2},"end":{"line":52,"column":25}},"27":{"start":{"line":55,"column":0},"end":{"line":55,"column":34}}},"fnMap":{"0":{"name":"(anonymous_0)","decl":{"start":{"line":7,"column":19},"end":{"line":7,"column":20}},"loc":{"start":{"line":7,"column":31},"end":{"line":7,"column":561}},"line":7},"1":{"name":"defineProperties","decl":{"start":{"line":7,"column":42},"end":{"line":7,"column":58}},"loc":{"start":{"line":7,"column":74},"end":{"line":7,"column":349}},"line":7},"2":{"name":"(anonymous_2)","decl":{"start":{"line":7,"column":357},"end":{"line":7,"column":358}},"loc":{"start":{"line":7,"column":405},"end":{"line":7,"column":558}},"line":7},"3":{"name":"_interopRequireDefault","decl":{"start":{"line":13,"column":9},"end":{"line":13,"column":31}},"loc":{"start":{"line":13,"column":37},"end":{"line":13,"column":95}},"line":13},"4":{"name":"_classCallCheck","decl":{"start":{"line":15,"column":9},"end":{"line":15,"column":24}},"loc":{"start":{"line":15,"column":48},"end":{"line":15,"column":153}},"line":15},"5":{"name":"(anonymous_5)","decl":{"start":{"line":20,"column":22},"end":{"line":20,"column":23}},"loc":{"start":{"line":20,"column":34},"end":{"line":53,"column":1}},"line":20},"6":{"name":"diarycontroller","decl":{"start":{"line":21,"column":11},"end":{"line":21,"column":26}},"loc":{"start":{"line":21,"column":29},"end":{"line":23,"column":3}},"line":21},"7":{"name":"getAllEntries","decl":{"start":{"line":34,"column":20},"end":{"line":34,"column":33}},"loc":{"start":{"line":34,"column":44},"end":{"line":49,"column":5}},"line":34}},"branchMap":{"0":{"loc":{"start":{"line":7,"column":168},"end":{"line":7,"column":198}},"type":"binary-expr","locations":[{"start":{"line":7,"column":168},"end":{"line":7,"column":189}},{"start":{"line":7,"column":193},"end":{"line":7,"column":198}}],"line":7},"1":{"loc":{"start":{"line":7,"column":232},"end":{"line":7,"column":286}},"type":"if","locations":[{"start":{"line":7,"column":232},"end":{"line":7,"column":286}},{"start":{"line":7,"column":232},"end":{"line":7,"column":286}}],"line":7},"2":{"loc":{"start":{"line":7,"column":407},"end":{"line":7,"column":475}},"type":"if","locations":[{"start":{"line":7,"column":407},"end":{"line":7,"column":475}},{"start":{"line":7,"column":407},"end":{"line":7,"column":475}}],"line":7},"3":{"loc":{"start":{"line":7,"column":476},"end":{"line":7,"column":536}},"type":"if","locations":[{"start":{"line":7,"column":476},"end":{"line":7,"column":536}},{"start":{"line":7,"column":476},"end":{"line":7,"column":536}}],"line":7},"4":{"loc":{"start":{"line":13,"column":46},"end":{"line":13,"column":92}},"type":"cond-expr","locations":[{"start":{"line":13,"column":70},"end":{"line":13,"column":73}},{"start":{"line":13,"column":76},"end":{"line":13,"column":92}}],"line":13},"5":{"loc":{"start":{"line":13,"column":46},"end":{"line":13,"column":67}},"type":"binary-expr","locations":[{"start":{"line":13,"column":46},"end":{"line":13,"column":49}},{"start":{"line":13,"column":53},"end":{"line":13,"column":67}}],"line":13},"6":{"loc":{"start":{"line":15,"column":50},"end":{"line":15,"column":151}},"type":"if","locations":[{"start":{"line":15,"column":50},"end":{"line":15,"column":151}},{"start":{"line":15,"column":50},"end":{"line":15,"column":151}}],"line":15},"7":{"loc":{"start":{"line":37,"column":6},"end":{"line":48,"column":7}},"type":"if","locations":[{"start":{"line":37,"column":6},"end":{"line":48,"column":7}},{"start":{"line":37,"column":6},"end":{"line":48,"column":7}}],"line":37}},"s":{"0":1,"1":1,"2":1,"3":1,"4":1,"5":1,"6":1,"7":1,"8":1,"9":1,"10":1,"11":0,"12":1,"13":1,"14":1,"15":1,"16":1,"17":1,"18":0,"19":0,"20":1,"21":0,"22":1,"23":1,"24":1,"25":0,"26":1,"27":1},"f":{"0":1,"1":1,"2":1,"3":1,"4":0,"5":1,"6":0,"7":1},"b":{"0":[1,1],"1":[1,0],"2":[0,1],"3":[1,0],"4":[1,0],"5":[1,1],"6":[0,0],"7":[1,0]},"_coverageSchema":"d34fc3e6b8297bcde183f5492bcb8fcb36775295","hash":"8cd7c146f649032909597215f7d320c2a02424c4","contentHash":"47d2a7b67b3b08c6037f49c945e64be4_12.0.2"},"C:\\Users\\Tony\\Desktop\\BC_34-myDiary\\server\\controllers\\diary controller\\getSingleDiaryEntryController\\getSingleDiaryEntryController.js":{"path":"C:\\Users\\Tony\\Desktop\\BC_34-myDiary\\server\\controllers\\diary controller\\getSingleDiaryEntryController\\getSingleDiaryEntryController.js","statementMap":{"0":{"start":{"line":3,"column":0},"end":{"line":5,"column":3}},"1":{"start":{"line":7,"column":19},"end":{"line":7,"column":563}},"2":{"start":{"line":7,"column":76},"end":{"line":7,"column":347}},"3":{"start":{"line":7,"column":134},"end":{"line":7,"column":142}},"4":{"start":{"line":7,"column":144},"end":{"line":7,"column":199}},"5":{"start":{"line":7,"column":200},"end":{"line":7,"column":231}},"6":{"start":{"line":7,"column":232},"end":{"line":7,"column":286}},"7":{"start":{"line":7,"column":259},"end":{"line":7,"column":286}},"8":{"start":{"line":7,"column":287},"end":{"line":7,"column":345}},"9":{"start":{"line":7,"column":350},"end":{"line":7,"column":559}},"10":{"start":{"line":7,"column":407},"end":{"line":7,"column":475}},"11":{"start":{"line":7,"column":423},"end":{"line":7,"column":475}},"12":{"start":{"line":7,"column":476},"end":{"line":7,"column":536}},"13":{"start":{"line":7,"column":493},"end":{"line":7,"column":536}},"14":{"start":{"line":7,"column":537},"end":{"line":7,"column":556}},"15":{"start":{"line":9,"column":20},"end":{"line":9,"column":45}},"16":{"start":{"line":11,"column":21},"end":{"line":11,"column":58}},"17":{"start":{"line":13,"column":39},"end":{"line":13,"column":93}},"18":{"start":{"line":15,"column":50},"end":{"line":15,"column":151}},"19":{"start":{"line":15,"column":92},"end":{"line":15,"column":149}},"20":{"start":{"line":20,"column":22},"end":{"line":46,"column":3}},"21":{"start":{"line":22,"column":4},"end":{"line":22,"column":43}},"22":{"start":{"line":25,"column":2},"end":{"line":43,"column":6}},"23":{"start":{"line":35,"column":6},"end":{"line":41,"column":9}},"24":{"start":{"line":36,"column":8},"end":{"line":40,"column":9}},"25":{"start":{"line":37,"column":10},"end":{"line":39,"column":13}},"26":{"start":{"line":45,"column":2},"end":{"line":45,"column":25}},"27":{"start":{"line":48,"column":0},"end":{"line":48,"column":34}}},"fnMap":{"0":{"name":"(anonymous_0)","decl":{"start":{"line":7,"column":19},"end":{"line":7,"column":20}},"loc":{"start":{"line":7,"column":31},"end":{"line":7,"column":561}},"line":7},"1":{"name":"defineProperties","decl":{"start":{"line":7,"column":42},"end":{"line":7,"column":58}},"loc":{"start":{"line":7,"column":74},"end":{"line":7,"column":349}},"line":7},"2":{"name":"(anonymous_2)","decl":{"start":{"line":7,"column":357},"end":{"line":7,"column":358}},"loc":{"start":{"line":7,"column":405},"end":{"line":7,"column":558}},"line":7},"3":{"name":"_interopRequireDefault","decl":{"start":{"line":13,"column":9},"end":{"line":13,"column":31}},"loc":{"start":{"line":13,"column":37},"end":{"line":13,"column":95}},"line":13},"4":{"name":"_classCallCheck","decl":{"start":{"line":15,"column":9},"end":{"line":15,"column":24}},"loc":{"start":{"line":15,"column":48},"end":{"line":15,"column":153}},"line":15},"5":{"name":"(anonymous_5)","decl":{"start":{"line":20,"column":22},"end":{"line":20,"column":23}},"loc":{"start":{"line":20,"column":34},"end":{"line":46,"column":1}},"line":20},"6":{"name":"diarycontroller","decl":{"start":{"line":21,"column":11},"end":{"line":21,"column":26}},"loc":{"start":{"line":21,"column":29},"end":{"line":23,"column":3}},"line":21},"7":{"name":"getSingleEntry","decl":{"start":{"line":34,"column":20},"end":{"line":34,"column":34}},"loc":{"start":{"line":34,"column":45},"end":{"line":42,"column":5}},"line":34},"8":{"name":"(anonymous_8)","decl":{"start":{"line":35,"column":44},"end":{"line":35,"column":45}},"loc":{"start":{"line":35,"column":65},"end":{"line":41,"column":7}},"line":35}},"branchMap":{"0":{"loc":{"start":{"line":7,"column":168},"end":{"line":7,"column":198}},"type":"binary-expr","locations":[{"start":{"line":7,"column":168},"end":{"line":7,"column":189}},{"start":{"line":7,"column":193},"end":{"line":7,"column":198}}],"line":7},"1":{"loc":{"start":{"line":7,"column":232},"end":{"line":7,"column":286}},"type":"if","locations":[{"start":{"line":7,"column":232},"end":{"line":7,"column":286}},{"start":{"line":7,"column":232},"end":{"line":7,"column":286}}],"line":7},"2":{"loc":{"start":{"line":7,"column":407},"end":{"line":7,"column":475}},"type":"if","locations":[{"start":{"line":7,"column":407},"end":{"line":7,"column":475}},{"start":{"line":7,"column":407},"end":{"line":7,"column":475}}],"line":7},"3":{"loc":{"start":{"line":7,"column":476},"end":{"line":7,"column":536}},"type":"if","locations":[{"start":{"line":7,"column":476},"end":{"line":7,"column":536}},{"start":{"line":7,"column":476},"end":{"line":7,"column":536}}],"line":7},"4":{"loc":{"start":{"line":13,"column":46},"end":{"line":13,"column":92}},"type":"cond-expr","locations":[{"start":{"line":13,"column":70},"end":{"line":13,"column":73}},{"start":{"line":13,"column":76},"end":{"line":13,"column":92}}],"line":13},"5":{"loc":{"start":{"line":13,"column":46},"end":{"line":13,"column":67}},"type":"binary-expr","locations":[{"start":{"line":13,"column":46},"end":{"line":13,"column":49}},{"start":{"line":13,"column":53},"end":{"line":13,"column":67}}],"line":13},"6":{"loc":{"start":{"line":15,"column":50},"end":{"line":15,"column":151}},"type":"if","locations":[{"start":{"line":15,"column":50},"end":{"line":15,"column":151}},{"start":{"line":15,"column":50},"end":{"line":15,"column":151}}],"line":15},"7":{"loc":{"start":{"line":36,"column":8},"end":{"line":40,"column":9}},"type":"if","locations":[{"start":{"line":36,"column":8},"end":{"line":40,"column":9}},{"start":{"line":36,"column":8},"end":{"line":40,"column":9}}],"line":36}},"s":{"0":1,"1":1,"2":1,"3":1,"4":1,"5":1,"6":1,"7":1,"8":1,"9":1,"10":1,"11":0,"12":1,"13":1,"14":1,"15":1,"16":1,"17":1,"18":0,"19":0,"20":1,"21":0,"22":1,"23":4,"24":2,"25":2,"26":1,"27":1},"f":{"0":1,"1":1,"2":1,"3":1,"4":0,"5":1,"6":0,"7":4,"8":2},"b":{"0":[1,1],"1":[1,0],"2":[0,1],"3":[1,0],"4":[1,0],"5":[1,1],"6":[0,0],"7":[2,0]},"_coverageSchema":"d34fc3e6b8297bcde183f5492bcb8fcb36775295","hash":"ca2eddd62a14a4dee9e188d4c42cb951682474ce","contentHash":"165321a550b8fa9eb9d92ab8a99dfac4_12.0.2"},"C:\\Users\\Tony\\Desktop\\BC_34-myDiary\\server\\controllers\\diary controller\\getSingleDiaryEntryController\\databaseCall.js":{"path":"C:\\Users\\Tony\\Desktop\\BC_34-myDiary\\server\\controllers\\diary controller\\getSingleDiaryEntryController\\databaseCall.js","statementMap":{"0":{"start":{"line":3,"column":0},"end":{"line":5,"column":3}},"1":{"start":{"line":7,"column":21},"end":{"line":7,"column":70}},"2":{"start":{"line":9,"column":22},"end":{"line":9,"column":60}},"3":{"start":{"line":11,"column":25},"end":{"line":11,"column":72}},"4":{"start":{"line":13,"column":25},"end":{"line":13,"column":67}},"5":{"start":{"line":15,"column":39},"end":{"line":15,"column":93}},"6":{"start":{"line":17,"column":38},"end":{"line":46,"column":1}},"7":{"start":{"line":19,"column":11},"end":{"line":19,"column":24}},"8":{"start":{"line":23,"column":26},"end":{"line":23,"column":69}},"9":{"start":{"line":24,"column":15},"end":{"line":24,"column":39}},"10":{"start":{"line":25,"column":16},"end":{"line":25,"column":41}},"11":{"start":{"line":30,"column":22},"end":{"line":32,"column":4}},"12":{"start":{"line":31,"column":4},"end":{"line":31,"column":40}},"13":{"start":{"line":33,"column":2},"end":{"line":45,"column":3}},"14":{"start":{"line":34,"column":4},"end":{"line":34,"column":31}},"15":{"start":{"line":36,"column":9},"end":{"line":45,"column":3}},"16":{"start":{"line":37,"column":4},"end":{"line":39,"column":7}},"17":{"start":{"line":42,"column":4},"end":{"line":44,"column":7}},"18":{"start":{"line":47,"column":0},"end":{"line":47,"column":50}}},"fnMap":{"0":{"name":"_interopRequireDefault","decl":{"start":{"line":15,"column":9},"end":{"line":15,"column":31}},"loc":{"start":{"line":15,"column":37},"end":{"line":15,"column":95}},"line":15},"1":{"name":"getSingleDiaryEntryDatabaseCall","decl":{"start":{"line":17,"column":47},"end":{"line":17,"column":78}},"loc":{"start":{"line":17,"column":99},"end":{"line":46,"column":1}},"line":17},"2":{"name":"(anonymous_2)","decl":{"start":{"line":30,"column":53},"end":{"line":30,"column":54}},"loc":{"start":{"line":30,"column":70},"end":{"line":32,"column":3}},"line":30}},"branchMap":{"0":{"loc":{"start":{"line":15,"column":46},"end":{"line":15,"column":92}},"type":"cond-expr","locations":[{"start":{"line":15,"column":70},"end":{"line":15,"column":73}},{"start":{"line":15,"column":76},"end":{"line":15,"column":92}}],"line":15},"1":{"loc":{"start":{"line":15,"column":46},"end":{"line":15,"column":67}},"type":"binary-expr","locations":[{"start":{"line":15,"column":46},"end":{"line":15,"column":49}},{"start":{"line":15,"column":53},"end":{"line":15,"column":67}}],"line":15},"2":{"loc":{"start":{"line":33,"column":2},"end":{"line":45,"column":3}},"type":"if","locations":[{"start":{"line":33,"column":2},"end":{"line":45,"column":3}},{"start":{"line":33,"column":2},"end":{"line":45,"column":3}}],"line":33},"3":{"loc":{"start":{"line":33,"column":6},"end":{"line":33,"column":81}},"type":"binary-expr","locations":[{"start":{"line":33,"column":6},"end":{"line":33,"column":13}},{"start":{"line":33,"column":17},"end":{"line":33,"column":51}},{"start":{"line":33,"column":55},"end":{"line":33,"column":81}}],"line":33},"4":{"loc":{"start":{"line":36,"column":9},"end":{"line":45,"column":3}},"type":"if","locations":[{"start":{"line":36,"column":9},"end":{"line":45,"column":3}},{"start":{"line":36,"column":9},"end":{"line":45,"column":3}}],"line":36},"5":{"loc":{"start":{"line":36,"column":13},"end":{"line":36,"column":88}},"type":"binary-expr","locations":[{"start":{"line":36,"column":13},"end":{"line":36,"column":20}},{"start":{"line":36,"column":24},"end":{"line":36,"column":58}},{"start":{"line":36,"column":62},"end":{"line":36,"column":88}}],"line":36}},"s":{"0":1,"1":1,"2":1,"3":1,"4":1,"5":2,"6":1,"7":16,"8":16,"9":16,"10":16,"11":16,"12":160,"13":16,"14":12,"15":4,"16":2,"17":2,"18":1},"f":{"0":2,"1":16,"2":160},"b":{"0":[2,0],"1":[2,2],"2":[12,4],"3":[16,14,14],"4":[2,2],"5":[4,2,2]},"_coverageSchema":"d34fc3e6b8297bcde183f5492bcb8fcb36775295","hash":"a182e3c2fb5eca3f16716180a9894b85989880af","contentHash":"d861c3dab8ed5ab87baea4ab2f6e2853_12.0.2"},"C:\\Users\\Tony\\Desktop\\BC_34-myDiary\\server\\validators\\validIdValidator.js":{"path":"C:\\Users\\Tony\\Desktop\\BC_34-myDiary\\server\\validators\\validIdValidator.js","statementMap":{"0":{"start":{"line":3,"column":0},"end":{"line":5,"column":3}},"1":{"start":{"line":7,"column":17},"end":{"line":7,"column":37}},"2":{"start":{"line":9,"column":18},"end":{"line":9,"column":52}},"3":{"start":{"line":11,"column":39},"end":{"line":11,"column":93}},"4":{"start":{"line":13,"column":23},"end":{"line":23,"column":1}},"5":{"start":{"line":14,"column":15},"end":{"line":14,"column":17}},"6":{"start":{"line":15,"column":2},"end":{"line":17,"column":3}},"7":{"start":{"line":16,"column":4},"end":{"line":16,"column":29}},"8":{"start":{"line":19,"column":2},"end":{"line":22,"column":4}},"9":{"start":{"line":25,"column":0},"end":{"line":25,"column":35}}},"fnMap":{"0":{"name":"_interopRequireDefault","decl":{"start":{"line":11,"column":9},"end":{"line":11,"column":31}},"loc":{"start":{"line":11,"column":37},"end":{"line":11,"column":95}},"line":11},"1":{"name":"validIdValidator","decl":{"start":{"line":13,"column":32},"end":{"line":13,"column":48}},"loc":{"start":{"line":13,"column":55},"end":{"line":23,"column":1}},"line":13}},"branchMap":{"0":{"loc":{"start":{"line":11,"column":46},"end":{"line":11,"column":92}},"type":"cond-expr","locations":[{"start":{"line":11,"column":70},"end":{"line":11,"column":73}},{"start":{"line":11,"column":76},"end":{"line":11,"column":92}}],"line":11},"1":{"loc":{"start":{"line":11,"column":46},"end":{"line":11,"column":67}},"type":"binary-expr","locations":[{"start":{"line":11,"column":46},"end":{"line":11,"column":49}},{"start":{"line":11,"column":53},"end":{"line":11,"column":67}}],"line":11},"2":{"loc":{"start":{"line":15,"column":2},"end":{"line":17,"column":3}},"type":"if","locations":[{"start":{"line":15,"column":2},"end":{"line":17,"column":3}},{"start":{"line":15,"column":2},"end":{"line":17,"column":3}}],"line":15}},"s":{"0":1,"1":1,"2":1,"3":1,"4":1,"5":19,"6":19,"7":3,"8":19,"9":1},"f":{"0":1,"1":19},"b":{"0":[0,1],"1":[1,1],"2":[3,16]},"_coverageSchema":"d34fc3e6b8297bcde183f5492bcb8fcb36775295","hash":"ad3231a99ce139d177544bae90103edc40936871","contentHash":"343690ae53c8adfcfecef92f52c8afb1_12.0.2"},"C:\\Users\\Tony\\Desktop\\BC_34-myDiary\\server\\controllers\\diary controller\\modifyDiaryEntryController\\modifyDiaryEntryController.js":{"path":"C:\\Users\\Tony\\Desktop\\BC_34-myDiary\\server\\controllers\\diary controller\\modifyDiaryEntryController\\modifyDiaryEntryController.js","statementMap":{"0":{"start":{"line":3,"column":0},"end":{"line":5,"column":3}},"1":{"start":{"line":7,"column":19},"end":{"line":7,"column":563}},"2":{"start":{"line":7,"column":76},"end":{"line":7,"column":347}},"3":{"start":{"line":7,"column":134},"end":{"line":7,"column":142}},"4":{"start":{"line":7,"column":144},"end":{"line":7,"column":199}},"5":{"start":{"line":7,"column":200},"end":{"line":7,"column":231}},"6":{"start":{"line":7,"column":232},"end":{"line":7,"column":286}},"7":{"start":{"line":7,"column":259},"end":{"line":7,"column":286}},"8":{"start":{"line":7,"column":287},"end":{"line":7,"column":345}},"9":{"start":{"line":7,"column":350},"end":{"line":7,"column":559}},"10":{"start":{"line":7,"column":407},"end":{"line":7,"column":475}},"11":{"start":{"line":7,"column":423},"end":{"line":7,"column":475}},"12":{"start":{"line":7,"column":476},"end":{"line":7,"column":536}},"13":{"start":{"line":7,"column":493},"end":{"line":7,"column":536}},"14":{"start":{"line":7,"column":537},"end":{"line":7,"column":556}},"15":{"start":{"line":9,"column":31},"end":{"line":9,"column":85}},"16":{"start":{"line":11,"column":32},"end":{"line":11,"column":80}},"17":{"start":{"line":13,"column":20},"end":{"line":13,"column":76}},"18":{"start":{"line":15,"column":21},"end":{"line":15,"column":58}},"19":{"start":{"line":17,"column":21},"end":{"line":17,"column":46}},"20":{"start":{"line":19,"column":21},"end":{"line":19,"column":59}},"21":{"start":{"line":21,"column":39},"end":{"line":21,"column":93}},"22":{"start":{"line":23,"column":50},"end":{"line":23,"column":151}},"23":{"start":{"line":23,"column":92},"end":{"line":23,"column":149}},"24":{"start":{"line":28,"column":22},"end":{"line":62,"column":3}},"25":{"start":{"line":30,"column":4},"end":{"line":30,"column":43}},"26":{"start":{"line":33,"column":2},"end":{"line":59,"column":6}},"27":{"start":{"line":44,"column":6},"end":{"line":57,"column":9}},"28":{"start":{"line":46,"column":36},"end":{"line":46,"column":84}},"29":{"start":{"line":47,"column":21},"end":{"line":47,"column":49}},"30":{"start":{"line":48,"column":22},"end":{"line":48,"column":51}},"31":{"start":{"line":50,"column":8},"end":{"line":56,"column":9}},"32":{"start":{"line":51,"column":10},"end":{"line":51,"column":70}},"33":{"start":{"line":53,"column":10},"end":{"line":55,"column":13}},"34":{"start":{"line":61,"column":2},"end":{"line":61,"column":25}},"35":{"start":{"line":64,"column":0},"end":{"line":64,"column":34}}},"fnMap":{"0":{"name":"(anonymous_0)","decl":{"start":{"line":7,"column":19},"end":{"line":7,"column":20}},"loc":{"start":{"line":7,"column":31},"end":{"line":7,"column":561}},"line":7},"1":{"name":"defineProperties","decl":{"start":{"line":7,"column":42},"end":{"line":7,"column":58}},"loc":{"start":{"line":7,"column":74},"end":{"line":7,"column":349}},"line":7},"2":{"name":"(anonymous_2)","decl":{"start":{"line":7,"column":357},"end":{"line":7,"column":358}},"loc":{"start":{"line":7,"column":405},"end":{"line":7,"column":558}},"line":7},"3":{"name":"_interopRequireDefault","decl":{"start":{"line":21,"column":9},"end":{"line":21,"column":31}},"loc":{"start":{"line":21,"column":37},"end":{"line":21,"column":95}},"line":21},"4":{"name":"_classCallCheck","decl":{"start":{"line":23,"column":9},"end":{"line":23,"column":24}},"loc":{"start":{"line":23,"column":48},"end":{"line":23,"column":153}},"line":23},"5":{"name":"(anonymous_5)","decl":{"start":{"line":28,"column":22},"end":{"line":28,"column":23}},"loc":{"start":{"line":28,"column":34},"end":{"line":62,"column":1}},"line":28},"6":{"name":"diarycontroller","decl":{"start":{"line":29,"column":11},"end":{"line":29,"column":26}},"loc":{"start":{"line":29,"column":29},"end":{"line":31,"column":3}},"line":29},"7":{"name":"modifyEntry","decl":{"start":{"line":42,"column":20},"end":{"line":42,"column":31}},"loc":{"start":{"line":42,"column":42},"end":{"line":58,"column":5}},"line":42},"8":{"name":"(anonymous_8)","decl":{"start":{"line":44,"column":44},"end":{"line":44,"column":45}},"loc":{"start":{"line":44,"column":66},"end":{"line":57,"column":7}},"line":44}},"branchMap":{"0":{"loc":{"start":{"line":7,"column":168},"end":{"line":7,"column":198}},"type":"binary-expr","locations":[{"start":{"line":7,"column":168},"end":{"line":7,"column":189}},{"start":{"line":7,"column":193},"end":{"line":7,"column":198}}],"line":7},"1":{"loc":{"start":{"line":7,"column":232},"end":{"line":7,"column":286}},"type":"if","locations":[{"start":{"line":7,"column":232},"end":{"line":7,"column":286}},{"start":{"line":7,"column":232},"end":{"line":7,"column":286}}],"line":7},"2":{"loc":{"start":{"line":7,"column":407},"end":{"line":7,"column":475}},"type":"if","locations":[{"start":{"line":7,"column":407},"end":{"line":7,"column":475}},{"start":{"line":7,"column":407},"end":{"line":7,"column":475}}],"line":7},"3":{"loc":{"start":{"line":7,"column":476},"end":{"line":7,"column":536}},"type":"if","locations":[{"start":{"line":7,"column":476},"end":{"line":7,"column":536}},{"start":{"line":7,"column":476},"end":{"line":7,"column":536}}],"line":7},"4":{"loc":{"start":{"line":21,"column":46},"end":{"line":21,"column":92}},"type":"cond-expr","locations":[{"start":{"line":21,"column":70},"end":{"line":21,"column":73}},{"start":{"line":21,"column":76},"end":{"line":21,"column":92}}],"line":21},"5":{"loc":{"start":{"line":21,"column":46},"end":{"line":21,"column":67}},"type":"binary-expr","locations":[{"start":{"line":21,"column":46},"end":{"line":21,"column":49}},{"start":{"line":21,"column":53},"end":{"line":21,"column":67}}],"line":21},"6":{"loc":{"start":{"line":23,"column":50},"end":{"line":23,"column":151}},"type":"if","locations":[{"start":{"line":23,"column":50},"end":{"line":23,"column":151}},{"start":{"line":23,"column":50},"end":{"line":23,"column":151}}],"line":23},"7":{"loc":{"start":{"line":50,"column":8},"end":{"line":56,"column":9}},"type":"if","locations":[{"start":{"line":50,"column":8},"end":{"line":56,"column":9}},{"start":{"line":50,"column":8},"end":{"line":56,"column":9}}],"line":50}},"s":{"0":1,"1":1,"2":1,"3":1,"4":1,"5":1,"6":1,"7":1,"8":1,"9":1,"10":1,"11":0,"12":1,"13":1,"14":1,"15":1,"16":1,"17":1,"18":1,"19":1,"20":1,"21":3,"22":0,"23":0,"24":1,"25":0,"26":1,"27":12,"28":10,"29":10,"30":10,"31":10,"32":3,"33":7,"34":1,"35":1},"f":{"0":1,"1":1,"2":1,"3":3,"4":0,"5":1,"6":0,"7":12,"8":10},"b":{"0":[1,1],"1":[1,0],"2":[0,1],"3":[1,0],"4":[3,0],"5":[3,3],"6":[0,0],"7":[3,7]},"_coverageSchema":"d34fc3e6b8297bcde183f5492bcb8fcb36775295","hash":"0913b9f54752690d68a362121c333075b67b1836","contentHash":"de14f7495455241e6e30c1fa0215eae9_12.0.2"},"C:\\Users\\Tony\\Desktop\\BC_34-myDiary\\server\\controllers\\diary controller\\modifyDiaryEntryController\\databaseCall.js":{"path":"C:\\Users\\Tony\\Desktop\\BC_34-myDiary\\server\\controllers\\diary controller\\modifyDiaryEntryController\\databaseCall.js","statementMap":{"0":{"start":{"line":3,"column":0},"end":{"line":5,"column":3}},"1":{"start":{"line":7,"column":22},"end":{"line":7,"column":74}},"2":{"start":{"line":9,"column":23},"end":{"line":9,"column":62}},"3":{"start":{"line":11,"column":39},"end":{"line":11,"column":93}},"4":{"start":{"line":13,"column":35},"end":{"line":24,"column":1}},"5":{"start":{"line":15,"column":2},"end":{"line":15,"column":32}},"6":{"start":{"line":16,"column":2},"end":{"line":16,"column":44}},"7":{"start":{"line":18,"column":2},"end":{"line":18,"column":59}},"8":{"start":{"line":20,"column":2},"end":{"line":23,"column":5}},"9":{"start":{"line":25,"column":0},"end":{"line":25,"column":47}}},"fnMap":{"0":{"name":"_interopRequireDefault","decl":{"start":{"line":11,"column":9},"end":{"line":11,"column":31}},"loc":{"start":{"line":11,"column":37},"end":{"line":11,"column":95}},"line":11},"1":{"name":"modifyDiaryEntryDatabaseCall","decl":{"start":{"line":13,"column":44},"end":{"line":13,"column":72}},"loc":{"start":{"line":13,"column":101},"end":{"line":24,"column":1}},"line":13}},"branchMap":{"0":{"loc":{"start":{"line":11,"column":46},"end":{"line":11,"column":92}},"type":"cond-expr","locations":[{"start":{"line":11,"column":70},"end":{"line":11,"column":73}},{"start":{"line":11,"column":76},"end":{"line":11,"column":92}}],"line":11},"1":{"loc":{"start":{"line":11,"column":46},"end":{"line":11,"column":67}},"type":"binary-expr","locations":[{"start":{"line":11,"column":46},"end":{"line":11,"column":49}},{"start":{"line":11,"column":53},"end":{"line":11,"column":67}}],"line":11}},"s":{"0":1,"1":1,"2":1,"3":1,"4":1,"5":3,"6":3,"7":3,"8":3,"9":1},"f":{"0":1,"1":3},"b":{"0":[1,0],"1":[1,1]},"_coverageSchema":"d34fc3e6b8297bcde183f5492bcb8fcb36775295","hash":"edbcc05b78a7770fcba1f4a9b2986e7d34405d85","contentHash":"eb5af4106d8f9f5fb8c58b59eee38bd8_12.0.2"},"C:\\Users\\Tony\\Desktop\\BC_34-myDiary\\server\\controllers\\diary controller\\deleteDiaryEntryController\\deleteDiaryEntryController.js":{"path":"C:\\Users\\Tony\\Desktop\\BC_34-myDiary\\server\\controllers\\diary controller\\deleteDiaryEntryController\\deleteDiaryEntryController.js","statementMap":{"0":{"start":{"line":3,"column":0},"end":{"line":5,"column":3}},"1":{"start":{"line":7,"column":19},"end":{"line":7,"column":563}},"2":{"start":{"line":7,"column":76},"end":{"line":7,"column":347}},"3":{"start":{"line":7,"column":134},"end":{"line":7,"column":142}},"4":{"start":{"line":7,"column":144},"end":{"line":7,"column":199}},"5":{"start":{"line":7,"column":200},"end":{"line":7,"column":231}},"6":{"start":{"line":7,"column":232},"end":{"line":7,"column":286}},"7":{"start":{"line":7,"column":259},"end":{"line":7,"column":286}},"8":{"start":{"line":7,"column":287},"end":{"line":7,"column":345}},"9":{"start":{"line":7,"column":350},"end":{"line":7,"column":559}},"10":{"start":{"line":7,"column":407},"end":{"line":7,"column":475}},"11":{"start":{"line":7,"column":423},"end":{"line":7,"column":475}},"12":{"start":{"line":7,"column":476},"end":{"line":7,"column":536}},"13":{"start":{"line":7,"column":493},"end":{"line":7,"column":536}},"14":{"start":{"line":7,"column":537},"end":{"line":7,"column":556}},"15":{"start":{"line":9,"column":20},"end":{"line":9,"column":45}},"16":{"start":{"line":11,"column":21},"end":{"line":11,"column":58}},"17":{"start":{"line":13,"column":39},"end":{"line":13,"column":93}},"18":{"start":{"line":15,"column":50},"end":{"line":15,"column":151}},"19":{"start":{"line":15,"column":92},"end":{"line":15,"column":149}},"20":{"start":{"line":20,"column":22},"end":{"line":45,"column":3}},"21":{"start":{"line":22,"column":4},"end":{"line":22,"column":43}},"22":{"start":{"line":25,"column":2},"end":{"line":42,"column":6}},"23":{"start":{"line":35,"column":6},"end":{"line":40,"column":9}},"24":{"start":{"line":36,"column":8},"end":{"line":39,"column":11}},"25":{"start":{"line":44,"column":2},"end":{"line":44,"column":25}},"26":{"start":{"line":47,"column":0},"end":{"line":47,"column":34}}},"fnMap":{"0":{"name":"(anonymous_0)","decl":{"start":{"line":7,"column":19},"end":{"line":7,"column":20}},"loc":{"start":{"line":7,"column":31},"end":{"line":7,"column":561}},"line":7},"1":{"name":"defineProperties","decl":{"start":{"line":7,"column":42},"end":{"line":7,"column":58}},"loc":{"start":{"line":7,"column":74},"end":{"line":7,"column":349}},"line":7},"2":{"name":"(anonymous_2)","decl":{"start":{"line":7,"column":357},"end":{"line":7,"column":358}},"loc":{"start":{"line":7,"column":405},"end":{"line":7,"column":558}},"line":7},"3":{"name":"_interopRequireDefault","decl":{"start":{"line":13,"column":9},"end":{"line":13,"column":31}},"loc":{"start":{"line":13,"column":37},"end":{"line":13,"column":95}},"line":13},"4":{"name":"_classCallCheck","decl":{"start":{"line":15,"column":9},"end":{"line":15,"column":24}},"loc":{"start":{"line":15,"column":48},"end":{"line":15,"column":153}},"line":15},"5":{"name":"(anonymous_5)","decl":{"start":{"line":20,"column":22},"end":{"line":20,"column":23}},"loc":{"start":{"line":20,"column":34},"end":{"line":45,"column":1}},"line":20},"6":{"name":"diarycontroller","decl":{"start":{"line":21,"column":11},"end":{"line":21,"column":26}},"loc":{"start":{"line":21,"column":29},"end":{"line":23,"column":3}},"line":21},"7":{"name":"deleteEntry","decl":{"start":{"line":34,"column":20},"end":{"line":34,"column":31}},"loc":{"start":{"line":34,"column":42},"end":{"line":41,"column":5}},"line":34},"8":{"name":"(anonymous_8)","decl":{"start":{"line":35,"column":44},"end":{"line":35,"column":45}},"loc":{"start":{"line":35,"column":66},"end":{"line":40,"column":7}},"line":35}},"branchMap":{"0":{"loc":{"start":{"line":7,"column":168},"end":{"line":7,"column":198}},"type":"binary-expr","locations":[{"start":{"line":7,"column":168},"end":{"line":7,"column":189}},{"start":{"line":7,"column":193},"end":{"line":7,"column":198}}],"line":7},"1":{"loc":{"start":{"line":7,"column":232},"end":{"line":7,"column":286}},"type":"if","locations":[{"start":{"line":7,"column":232},"end":{"line":7,"column":286}},{"start":{"line":7,"column":232},"end":{"line":7,"column":286}}],"line":7},"2":{"loc":{"start":{"line":7,"column":407},"end":{"line":7,"column":475}},"type":"if","locations":[{"start":{"line":7,"column":407},"end":{"line":7,"column":475}},{"start":{"line":7,"column":407},"end":{"line":7,"column":475}}],"line":7},"3":{"loc":{"start":{"line":7,"column":476},"end":{"line":7,"column":536}},"type":"if","locations":[{"start":{"line":7,"column":476},"end":{"line":7,"column":536}},{"start":{"line":7,"column":476},"end":{"line":7,"column":536}}],"line":7},"4":{"loc":{"start":{"line":13,"column":46},"end":{"line":13,"column":92}},"type":"cond-expr","locations":[{"start":{"line":13,"column":70},"end":{"line":13,"column":73}},{"start":{"line":13,"column":76},"end":{"line":13,"column":92}}],"line":13},"5":{"loc":{"start":{"line":13,"column":46},"end":{"line":13,"column":67}},"type":"binary-expr","locations":[{"start":{"line":13,"column":46},"end":{"line":13,"column":49}},{"start":{"line":13,"column":53},"end":{"line":13,"column":67}}],"line":13},"6":{"loc":{"start":{"line":15,"column":50},"end":{"line":15,"column":151}},"type":"if","locations":[{"start":{"line":15,"column":50},"end":{"line":15,"column":151}},{"start":{"line":15,"column":50},"end":{"line":15,"column":151}}],"line":15}},"s":{"0":1,"1":1,"2":1,"3":1,"4":1,"5":1,"6":1,"7":1,"8":1,"9":1,"10":1,"11":0,"12":1,"13":1,"14":1,"15":1,"16":1,"17":1,"18":0,"19":0,"20":1,"21":0,"22":1,"23":3,"24":1,"25":1,"26":1},"f":{"0":1,"1":1,"2":1,"3":1,"4":0,"5":1,"6":0,"7":3,"8":1},"b":{"0":[1,1],"1":[1,0],"2":[0,1],"3":[1,0],"4":[1,0],"5":[1,1],"6":[0,0]},"_coverageSchema":"d34fc3e6b8297bcde183f5492bcb8fcb36775295","hash":"ef18118f014b6a292a081a2f9a9be866b95903f5","contentHash":"c3fbebdb66c482683751c7a7fa21ab0d_12.0.2"},"C:\\Users\\Tony\\Desktop\\BC_34-myDiary\\server\\controllers\\diary controller\\deleteDiaryEntryController\\databaseCall.js":{"path":"C:\\Users\\Tony\\Desktop\\BC_34-myDiary\\server\\controllers\\diary controller\\deleteDiaryEntryController\\databaseCall.js","statementMap":{"0":{"start":{"line":3,"column":0},"end":{"line":5,"column":3}},"1":{"start":{"line":7,"column":21},"end":{"line":7,"column":70}},"2":{"start":{"line":9,"column":22},"end":{"line":9,"column":60}},"3":{"start":{"line":11,"column":25},"end":{"line":11,"column":72}},"4":{"start":{"line":13,"column":25},"end":{"line":13,"column":67}},"5":{"start":{"line":15,"column":39},"end":{"line":15,"column":93}},"6":{"start":{"line":17,"column":35},"end":{"line":49,"column":1}},"7":{"start":{"line":18,"column":11},"end":{"line":18,"column":24}},"8":{"start":{"line":22,"column":26},"end":{"line":22,"column":69}},"9":{"start":{"line":23,"column":15},"end":{"line":23,"column":39}},"10":{"start":{"line":24,"column":16},"end":{"line":24,"column":41}},"11":{"start":{"line":28,"column":22},"end":{"line":30,"column":4}},"12":{"start":{"line":29,"column":4},"end":{"line":29,"column":40}},"13":{"start":{"line":31,"column":14},"end":{"line":31,"column":63}},"14":{"start":{"line":32,"column":2},"end":{"line":35,"column":3}},"15":{"start":{"line":34,"column":4},"end":{"line":34,"column":45}},"16":{"start":{"line":36,"column":2},"end":{"line":48,"column":3}},"17":{"start":{"line":37,"column":4},"end":{"line":37,"column":31}},"18":{"start":{"line":39,"column":9},"end":{"line":48,"column":3}},"19":{"start":{"line":40,"column":4},"end":{"line":42,"column":7}},"20":{"start":{"line":45,"column":4},"end":{"line":47,"column":7}},"21":{"start":{"line":50,"column":0},"end":{"line":50,"column":47}}},"fnMap":{"0":{"name":"_interopRequireDefault","decl":{"start":{"line":15,"column":9},"end":{"line":15,"column":31}},"loc":{"start":{"line":15,"column":37},"end":{"line":15,"column":95}},"line":15},"1":{"name":"deleteDiaryEntryDatabaseCall","decl":{"start":{"line":17,"column":44},"end":{"line":17,"column":72}},"loc":{"start":{"line":17,"column":93},"end":{"line":49,"column":1}},"line":17},"2":{"name":"(anonymous_2)","decl":{"start":{"line":28,"column":53},"end":{"line":28,"column":54}},"loc":{"start":{"line":28,"column":70},"end":{"line":30,"column":3}},"line":28}},"branchMap":{"0":{"loc":{"start":{"line":15,"column":46},"end":{"line":15,"column":92}},"type":"cond-expr","locations":[{"start":{"line":15,"column":70},"end":{"line":15,"column":73}},{"start":{"line":15,"column":76},"end":{"line":15,"column":92}}],"line":15},"1":{"loc":{"start":{"line":15,"column":46},"end":{"line":15,"column":67}},"type":"binary-expr","locations":[{"start":{"line":15,"column":46},"end":{"line":15,"column":49}},{"start":{"line":15,"column":53},"end":{"line":15,"column":67}}],"line":15},"2":{"loc":{"start":{"line":32,"column":2},"end":{"line":35,"column":3}},"type":"if","locations":[{"start":{"line":32,"column":2},"end":{"line":35,"column":3}},{"start":{"line":32,"column":2},"end":{"line":35,"column":3}}],"line":32},"3":{"loc":{"start":{"line":32,"column":6},"end":{"line":32,"column":29}},"type":"binary-expr","locations":[{"start":{"line":32,"column":6},"end":{"line":32,"column":13}},{"start":{"line":32,"column":17},"end":{"line":32,"column":29}}],"line":32},"4":{"loc":{"start":{"line":36,"column":2},"end":{"line":48,"column":3}},"type":"if","locations":[{"start":{"line":36,"column":2},"end":{"line":48,"column":3}},{"start":{"line":36,"column":2},"end":{"line":48,"column":3}}],"line":36},"5":{"loc":{"start":{"line":36,"column":6},"end":{"line":36,"column":43}},"type":"binary-expr","locations":[{"start":{"line":36,"column":6},"end":{"line":36,"column":13}},{"start":{"line":36,"column":17},"end":{"line":36,"column":43}}],"line":36},"6":{"loc":{"start":{"line":39,"column":9},"end":{"line":48,"column":3}},"type":"if","locations":[{"start":{"line":39,"column":9},"end":{"line":48,"column":3}},{"start":{"line":39,"column":9},"end":{"line":48,"column":3}}],"line":39},"7":{"loc":{"start":{"line":39,"column":13},"end":{"line":39,"column":50}},"type":"binary-expr","locations":[{"start":{"line":39,"column":13},"end":{"line":39,"column":20}},{"start":{"line":39,"column":24},"end":{"line":39,"column":50}}],"line":39}},"s":{"0":1,"1":1,"2":1,"3":1,"4":1,"5":2,"6":1,"7":3,"8":3,"9":3,"10":3,"11":3,"12":29,"13":3,"14":3,"15":1,"16":3,"17":1,"18":2,"19":1,"20":1,"21":1},"f":{"0":2,"1":3,"2":29},"b":{"0":[2,0],"1":[2,2],"2":[1,2],"3":[3,2],"4":[1,2],"5":[3,2],"6":[1,1],"7":[2,1]},"_coverageSchema":"d34fc3e6b8297bcde183f5492bcb8fcb36775295","hash":"29324bfef340baf6eb2d3739827b4a2aa52d10c5","contentHash":"b3aa360d1f88a4d9b49e1b99740aca65_12.0.2"},"C:\\Users\\Tony\\Desktop\\BC_34-myDiary\\server\\test\\Diary\\deleteDiaryEntryTest\\deleteDiaryEntryTest.js":{"path":"C:\\Users\\Tony\\Desktop\\BC_34-myDiary\\server\\test\\Diary\\deleteDiaryEntryTest\\deleteDiaryEntryTest.js","statementMap":{"0":{"start":{"line":3,"column":12},"end":{"line":3,"column":27}},"1":{"start":{"line":5,"column":13},"end":{"line":5,"column":42}},"2":{"start":{"line":7,"column":16},"end":{"line":7,"column":36}},"3":{"start":{"line":9,"column":17},"end":{"line":9,"column":50}},"4":{"start":{"line":11,"column":11},"end":{"line":11,"column":34}},"5":{"start":{"line":13,"column":12},"end":{"line":13,"column":40}},"6":{"start":{"line":15,"column":39},"end":{"line":15,"column":93}},"7":{"start":{"line":17,"column":0},"end":{"line":17,"column":24}},"8":{"start":{"line":18,"column":0},"end":{"line":18,"column":39}},"9":{"start":{"line":19,"column":0},"end":{"line":38,"column":3}},"10":{"start":{"line":20,"column":2},"end":{"line":37,"column":5}},"11":{"start":{"line":21,"column":4},"end":{"line":36,"column":7}},"12":{"start":{"line":22,"column":6},"end":{"line":35,"column":9}},"13":{"start":{"line":23,"column":8},"end":{"line":23,"column":36}},"14":{"start":{"line":24,"column":8},"end":{"line":24,"column":27}},"15":{"start":{"line":25,"column":8},"end":{"line":25,"column":39}},"16":{"start":{"line":26,"column":8},"end":{"line":26,"column":51}},"17":{"start":{"line":27,"column":8},"end":{"line":27,"column":47}},"18":{"start":{"line":28,"column":8},"end":{"line":28,"column":85}},"19":{"start":{"line":29,"column":8},"end":{"line":29,"column":49}},"20":{"start":{"line":30,"column":8},"end":{"line":30,"column":47}},"21":{"start":{"line":31,"column":8},"end":{"line":31,"column":67}},"22":{"start":{"line":32,"column":8},"end":{"line":32,"column":78}},"23":{"start":{"line":33,"column":8},"end":{"line":33,"column":55}},"24":{"start":{"line":34,"column":8},"end":{"line":34,"column":15}}},"fnMap":{"0":{"name":"_interopRequireDefault","decl":{"start":{"line":15,"column":9},"end":{"line":15,"column":31}},"loc":{"start":{"line":15,"column":37},"end":{"line":15,"column":95}},"line":15},"1":{"name":"(anonymous_1)","decl":{"start":{"line":19,"column":31},"end":{"line":19,"column":32}},"loc":{"start":{"line":19,"column":43},"end":{"line":38,"column":1}},"line":19},"2":{"name":"(anonymous_2)","decl":{"start":{"line":20,"column":49},"end":{"line":20,"column":50}},"loc":{"start":{"line":20,"column":61},"end":{"line":37,"column":3}},"line":20},"3":{"name":"(anonymous_3)","decl":{"start":{"line":21,"column":41},"end":{"line":21,"column":42}},"loc":{"start":{"line":21,"column":57},"end":{"line":36,"column":5}},"line":21},"4":{"name":"(anonymous_4)","decl":{"start":{"line":22,"column":76},"end":{"line":22,"column":77}},"loc":{"start":{"line":22,"column":96},"end":{"line":35,"column":7}},"line":22}},"branchMap":{"0":{"loc":{"start":{"line":15,"column":46},"end":{"line":15,"column":92}},"type":"cond-expr","locations":[{"start":{"line":15,"column":70},"end":{"line":15,"column":73}},{"start":{"line":15,"column":76},"end":{"line":15,"column":92}}],"line":15},"1":{"loc":{"start":{"line":15,"column":46},"end":{"line":15,"column":67}},"type":"binary-expr","locations":[{"start":{"line":15,"column":46},"end":{"line":15,"column":49}},{"start":{"line":15,"column":53},"end":{"line":15,"column":67}}],"line":15}},"s":{"0":1,"1":1,"2":1,"3":1,"4":1,"5":1,"6":3,"7":1,"8":1,"9":1,"10":1,"11":1,"12":1,"13":1,"14":1,"15":1,"16":1,"17":1,"18":1,"19":1,"20":1,"21":1,"22":1,"23":1,"24":1},"f":{"0":3,"1":1,"2":1,"3":1,"4":1},"b":{"0":[1,2],"1":[3,3]},"_coverageSchema":"d34fc3e6b8297bcde183f5492bcb8fcb36775295","hash":"fcbeaed648fff9913073305701d8e78c02658f11","contentHash":"0971cf92e70cf3bb5a3be8b13da1b6c1_12.0.2"},"C:\\Users\\Tony\\Desktop\\BC_34-myDiary\\server\\test\\Diary\\deleteDiaryEntryTest\\deleteDiaryEntryValidation\\id\\invalidId.js":{"path":"C:\\Users\\Tony\\Desktop\\BC_34-myDiary\\server\\test\\Diary\\deleteDiaryEntryTest\\deleteDiaryEntryValidation\\id\\invalidId.js","statementMap":{"0":{"start":{"line":3,"column":12},"end":{"line":3,"column":27}},"1":{"start":{"line":5,"column":13},"end":{"line":5,"column":42}},"2":{"start":{"line":7,"column":16},"end":{"line":7,"column":36}},"3":{"start":{"line":9,"column":17},"end":{"line":9,"column":50}},"4":{"start":{"line":11,"column":11},"end":{"line":11,"column":40}},"5":{"start":{"line":13,"column":12},"end":{"line":13,"column":40}},"6":{"start":{"line":15,"column":39},"end":{"line":15,"column":93}},"7":{"start":{"line":17,"column":0},"end":{"line":17,"column":24}},"8":{"start":{"line":18,"column":0},"end":{"line":18,"column":39}},"9":{"start":{"line":19,"column":0},"end":{"line":32,"column":3}},"10":{"start":{"line":20,"column":2},"end":{"line":31,"column":5}},"11":{"start":{"line":21,"column":4},"end":{"line":30,"column":7}},"12":{"start":{"line":22,"column":6},"end":{"line":29,"column":9}},"13":{"start":{"line":23,"column":8},"end":{"line":23,"column":36}},"14":{"start":{"line":24,"column":8},"end":{"line":24,"column":39}},"15":{"start":{"line":25,"column":8},"end":{"line":25,"column":48}},"16":{"start":{"line":26,"column":8},"end":{"line":26,"column":46}},"17":{"start":{"line":27,"column":8},"end":{"line":27,"column":49}},"18":{"start":{"line":28,"column":8},"end":{"line":28,"column":15}}},"fnMap":{"0":{"name":"_interopRequireDefault","decl":{"start":{"line":15,"column":9},"end":{"line":15,"column":31}},"loc":{"start":{"line":15,"column":37},"end":{"line":15,"column":95}},"line":15},"1":{"name":"(anonymous_1)","decl":{"start":{"line":19,"column":31},"end":{"line":19,"column":32}},"loc":{"start":{"line":19,"column":43},"end":{"line":32,"column":1}},"line":19},"2":{"name":"(anonymous_2)","decl":{"start":{"line":20,"column":49},"end":{"line":20,"column":50}},"loc":{"start":{"line":20,"column":61},"end":{"line":31,"column":3}},"line":20},"3":{"name":"(anonymous_3)","decl":{"start":{"line":21,"column":74},"end":{"line":21,"column":75}},"loc":{"start":{"line":21,"column":90},"end":{"line":30,"column":5}},"line":21},"4":{"name":"(anonymous_4)","decl":{"start":{"line":22,"column":76},"end":{"line":22,"column":77}},"loc":{"start":{"line":22,"column":96},"end":{"line":29,"column":7}},"line":22}},"branchMap":{"0":{"loc":{"start":{"line":15,"column":46},"end":{"line":15,"column":92}},"type":"cond-expr","locations":[{"start":{"line":15,"column":70},"end":{"line":15,"column":73}},{"start":{"line":15,"column":76},"end":{"line":15,"column":92}}],"line":15},"1":{"loc":{"start":{"line":15,"column":46},"end":{"line":15,"column":67}},"type":"binary-expr","locations":[{"start":{"line":15,"column":46},"end":{"line":15,"column":49}},{"start":{"line":15,"column":53},"end":{"line":15,"column":67}}],"line":15}},"s":{"0":1,"1":1,"2":1,"3":1,"4":1,"5":1,"6":3,"7":1,"8":1,"9":1,"10":1,"11":1,"12":1,"13":1,"14":1,"15":1,"16":1,"17":1,"18":1},"f":{"0":3,"1":1,"2":1,"3":1,"4":1},"b":{"0":[1,2],"1":[3,3]},"_coverageSchema":"d34fc3e6b8297bcde183f5492bcb8fcb36775295","hash":"0c4b82a4c3471a7fd151f12ce0dcef76887c89d1","contentHash":"4282156569445449ceefebe57572f2a7_12.0.2"},"C:\\Users\\Tony\\Desktop\\BC_34-myDiary\\server\\test\\Diary\\getAllDiaryEntriesTest\\getAllDiaryEntriesTest.js":{"path":"C:\\Users\\Tony\\Desktop\\BC_34-myDiary\\server\\test\\Diary\\getAllDiaryEntriesTest\\getAllDiaryEntriesTest.js","statementMap":{"0":{"start":{"line":3,"column":12},"end":{"line":3,"column":27}},"1":{"start":{"line":5,"column":13},"end":{"line":5,"column":42}},"2":{"start":{"line":7,"column":16},"end":{"line":7,"column":36}},"3":{"start":{"line":9,"column":17},"end":{"line":9,"column":50}},"4":{"start":{"line":11,"column":11},"end":{"line":11,"column":34}},"5":{"start":{"line":13,"column":12},"end":{"line":13,"column":40}},"6":{"start":{"line":15,"column":39},"end":{"line":15,"column":93}},"7":{"start":{"line":17,"column":0},"end":{"line":17,"column":24}},"8":{"start":{"line":18,"column":0},"end":{"line":18,"column":39}},"9":{"start":{"line":20,"column":0},"end":{"line":37,"column":3}},"10":{"start":{"line":21,"column":2},"end":{"line":36,"column":5}},"11":{"start":{"line":22,"column":4},"end":{"line":35,"column":7}},"12":{"start":{"line":23,"column":6},"end":{"line":34,"column":9}},"13":{"start":{"line":24,"column":8},"end":{"line":24,"column":36}},"14":{"start":{"line":25,"column":8},"end":{"line":25,"column":27}},"15":{"start":{"line":26,"column":8},"end":{"line":26,"column":39}},"16":{"start":{"line":27,"column":8},"end":{"line":27,"column":46}},"17":{"start":{"line":28,"column":8},"end":{"line":28,"column":43}},"18":{"start":{"line":29,"column":8},"end":{"line":29,"column":52}},"19":{"start":{"line":30,"column":8},"end":{"line":30,"column":55}},"20":{"start":{"line":31,"column":8},"end":{"line":31,"column":61}},"21":{"start":{"line":32,"column":8},"end":{"line":32,"column":57}},"22":{"start":{"line":33,"column":8},"end":{"line":33,"column":15}}},"fnMap":{"0":{"name":"_interopRequireDefault","decl":{"start":{"line":15,"column":9},"end":{"line":15,"column":31}},"loc":{"start":{"line":15,"column":37},"end":{"line":15,"column":95}},"line":15},"1":{"name":"(anonymous_1)","decl":{"start":{"line":20,"column":26},"end":{"line":20,"column":27}},"loc":{"start":{"line":20,"column":38},"end":{"line":37,"column":1}},"line":20},"2":{"name":"(anonymous_2)","decl":{"start":{"line":21,"column":35},"end":{"line":21,"column":36}},"loc":{"start":{"line":21,"column":47},"end":{"line":36,"column":3}},"line":21},"3":{"name":"(anonymous_3)","decl":{"start":{"line":22,"column":74},"end":{"line":22,"column":75}},"loc":{"start":{"line":22,"column":90},"end":{"line":35,"column":5}},"line":22},"4":{"name":"(anonymous_4)","decl":{"start":{"line":23,"column":71},"end":{"line":23,"column":72}},"loc":{"start":{"line":23,"column":91},"end":{"line":34,"column":7}},"line":23}},"branchMap":{"0":{"loc":{"start":{"line":15,"column":46},"end":{"line":15,"column":92}},"type":"cond-expr","locations":[{"start":{"line":15,"column":70},"end":{"line":15,"column":73}},{"start":{"line":15,"column":76},"end":{"line":15,"column":92}}],"line":15},"1":{"loc":{"start":{"line":15,"column":46},"end":{"line":15,"column":67}},"type":"binary-expr","locations":[{"start":{"line":15,"column":46},"end":{"line":15,"column":49}},{"start":{"line":15,"column":53},"end":{"line":15,"column":67}}],"line":15}},"s":{"0":1,"1":1,"2":1,"3":1,"4":1,"5":1,"6":3,"7":1,"8":1,"9":1,"10":1,"11":1,"12":1,"13":1,"14":1,"15":1,"16":1,"17":1,"18":1,"19":1,"20":1,"21":1,"22":1},"f":{"0":3,"1":1,"2":1,"3":1,"4":1},"b":{"0":[1,2],"1":[3,3]},"_coverageSchema":"d34fc3e6b8297bcde183f5492bcb8fcb36775295","hash":"350b84665384f718f80af5cbaf3e716cb31aab33","contentHash":"f714971c843ee094e46e18bae8ef0d59_12.0.2"},"C:\\Users\\Tony\\Desktop\\BC_34-myDiary\\server\\test\\Diary\\getSingleDiaryEntry\\getSingleDiaryEntryTest.js":{"path":"C:\\Users\\Tony\\Desktop\\BC_34-myDiary\\server\\test\\Diary\\getSingleDiaryEntry\\getSingleDiaryEntryTest.js","statementMap":{"0":{"start":{"line":3,"column":12},"end":{"line":3,"column":27}},"1":{"start":{"line":5,"column":13},"end":{"line":5,"column":42}},"2":{"start":{"line":7,"column":16},"end":{"line":7,"column":36}},"3":{"start":{"line":9,"column":17},"end":{"line":9,"column":50}},"4":{"start":{"line":11,"column":11},"end":{"line":11,"column":34}},"5":{"start":{"line":13,"column":12},"end":{"line":13,"column":40}},"6":{"start":{"line":15,"column":39},"end":{"line":15,"column":93}},"7":{"start":{"line":17,"column":0},"end":{"line":17,"column":24}},"8":{"start":{"line":18,"column":0},"end":{"line":18,"column":39}},"9":{"start":{"line":20,"column":0},"end":{"line":51,"column":3}},"10":{"start":{"line":21,"column":2},"end":{"line":50,"column":5}},"11":{"start":{"line":22,"column":4},"end":{"line":49,"column":7}},"12":{"start":{"line":23,"column":23},"end":{"line":28,"column":7}},"13":{"start":{"line":29,"column":6},"end":{"line":48,"column":9}},"14":{"start":{"line":30,"column":8},"end":{"line":47,"column":11}},"15":{"start":{"line":31,"column":10},"end":{"line":31,"column":38}},"16":{"start":{"line":32,"column":10},"end":{"line":32,"column":29}},"17":{"start":{"line":33,"column":10},"end":{"line":33,"column":41}},"18":{"start":{"line":34,"column":10},"end":{"line":34,"column":48}},"19":{"start":{"line":35,"column":10},"end":{"line":35,"column":51}},"20":{"start":{"line":36,"column":10},"end":{"line":36,"column":49}},"21":{"start":{"line":37,"column":10},"end":{"line":37,"column":54}},"22":{"start":{"line":38,"column":10},"end":{"line":38,"column":52}},"23":{"start":{"line":39,"column":10},"end":{"line":39,"column":63}},"24":{"start":{"line":40,"column":10},"end":{"line":40,"column":60}},"25":{"start":{"line":41,"column":10},"end":{"line":41,"column":58}},"26":{"start":{"line":42,"column":10},"end":{"line":42,"column":76}},"27":{"start":{"line":43,"column":10},"end":{"line":43,"column":56}},"28":{"start":{"line":44,"column":10},"end":{"line":44,"column":54}},"29":{"start":{"line":45,"column":10},"end":{"line":45,"column":53}},"30":{"start":{"line":46,"column":10},"end":{"line":46,"column":17}}},"fnMap":{"0":{"name":"_interopRequireDefault","decl":{"start":{"line":15,"column":9},"end":{"line":15,"column":31}},"loc":{"start":{"line":15,"column":37},"end":{"line":15,"column":95}},"line":15},"1":{"name":"(anonymous_1)","decl":{"start":{"line":20,"column":26},"end":{"line":20,"column":27}},"loc":{"start":{"line":20,"column":38},"end":{"line":51,"column":1}},"line":20},"2":{"name":"(anonymous_2)","decl":{"start":{"line":21,"column":46},"end":{"line":21,"column":47}},"loc":{"start":{"line":21,"column":58},"end":{"line":50,"column":3}},"line":21},"3":{"name":"(anonymous_3)","decl":{"start":{"line":22,"column":82},"end":{"line":22,"column":83}},"loc":{"start":{"line":22,"column":98},"end":{"line":49,"column":5}},"line":22},"4":{"name":"(anonymous_4)","decl":{"start":{"line":29,"column":89},"end":{"line":29,"column":90}},"loc":{"start":{"line":29,"column":101},"end":{"line":48,"column":7}},"line":29},"5":{"name":"(anonymous_5)","decl":{"start":{"line":30,"column":76},"end":{"line":30,"column":77}},"loc":{"start":{"line":30,"column":96},"end":{"line":47,"column":9}},"line":30}},"branchMap":{"0":{"loc":{"start":{"line":15,"column":46},"end":{"line":15,"column":92}},"type":"cond-expr","locations":[{"start":{"line":15,"column":70},"end":{"line":15,"column":73}},{"start":{"line":15,"column":76},"end":{"line":15,"column":92}}],"line":15},"1":{"loc":{"start":{"line":15,"column":46},"end":{"line":15,"column":67}},"type":"binary-expr","locations":[{"start":{"line":15,"column":46},"end":{"line":15,"column":49}},{"start":{"line":15,"column":53},"end":{"line":15,"column":67}}],"line":15}},"s":{"0":1,"1":1,"2":1,"3":1,"4":1,"5":1,"6":3,"7":1,"8":1,"9":1,"10":1,"11":1,"12":1,"13":1,"14":1,"15":1,"16":1,"17":1,"18":1,"19":1,"20":1,"21":1,"22":1,"23":1,"24":1,"25":1,"26":1,"27":1,"28":1,"29":1,"30":1},"f":{"0":3,"1":1,"2":1,"3":1,"4":1,"5":1},"b":{"0":[1,2],"1":[3,3]},"_coverageSchema":"d34fc3e6b8297bcde183f5492bcb8fcb36775295","hash":"9c1f8c9a43b52bb8a459fd039c6c139c01fe744a","contentHash":"33d00c8acf2b509980798c16e85301bb_12.0.2"},"C:\\Users\\Tony\\Desktop\\BC_34-myDiary\\server\\test\\Diary\\getSingleDiaryEntry\\getSingleDiaryEntryValidation\\idValidationTest.js":{"path":"C:\\Users\\Tony\\Desktop\\BC_34-myDiary\\server\\test\\Diary\\getSingleDiaryEntry\\getSingleDiaryEntryValidation\\idValidationTest.js","statementMap":{"0":{"start":{"line":3,"column":12},"end":{"line":3,"column":27}},"1":{"start":{"line":5,"column":13},"end":{"line":5,"column":42}},"2":{"start":{"line":7,"column":16},"end":{"line":7,"column":36}},"3":{"start":{"line":9,"column":17},"end":{"line":9,"column":50}},"4":
[...]
":{"line":29,"column":36}},"15":{"start":{"line":30,"column":8},"end":{"line":30,"column":27}},"16":{"start":{"line":31,"column":8},"end":{"line":31,"column":39}},"17":{"start":{"line":32,"column":8},"end":{"line":32,"column":46}},"18":{"start":{"line":33,"column":8},"end":{"line":33,"column":49}},"19":{"start":{"line":34,"column":8},"end":{"line":34,"column":47}},"20":{"start":{"line":35,"column":8},"end":{"line":35,"column":52}},"21":{"start":{"line":36,"column":8},"end":{"line":36,"column":50}},"22":{"start":{"line":37,"column":8},"end":{"line":37,"column":60}},"23":{"start":{"line":38,"column":8},"end":{"line":38,"column":58}},"24":{"start":{"line":39,"column":8},"end":{"line":39,"column":56}},"25":{"start":{"line":40,"column":8},"end":{"line":40,"column":74}},"26":{"start":{"line":41,"column":8},"end":{"line":41,"column":54}},"27":{"start":{"line":42,"column":8},"end":{"line":42,"column":52}},"28":{"start":{"line":43,"column":8},"end":{"line":43,"column":52}},"29":{"start":{"line":44,"column":8},"end":{"line":44,"column":15}}},"fnMap":{"0":{"name":"_interopRequireDefault","decl":{"start":{"line":15,"column":9},"end":{"line":15,"column":31}},"loc":{"start":{"line":15,"column":37},"end":{"line":15,"column":95}},"line":15},"1":{"name":"(anonymous_1)","decl":{"start":{"line":20,"column":26},"end":{"line":20,"column":27}},"loc":{"start":{"line":20,"column":38},"end":{"line":48,"column":1}},"line":20},"2":{"name":"(anonymous_2)","decl":{"start":{"line":21,"column":36},"end":{"line":21,"column":37}},"loc":{"start":{"line":21,"column":48},"end":{"line":47,"column":3}},"line":21},"3":{"name":"(anonymous_3)","decl":{"start":{"line":22,"column":67},"end":{"line":22,"column":68}},"loc":{"start":{"line":22,"column":83},"end":{"line":46,"column":5}},"line":22},"4":{"name":"(anonymous_4)","decl":{"start":{"line":28,"column":89},"end":{"line":28,"column":90}},"loc":{"start":{"line":28,"column":109},"end":{"line":45,"column":7}},"line":28}},"branchMap":{"0":{"loc":{"start":{"line":15,"column":46},"end":{"line":15,"column":92}},"type":"cond-expr","locations":[{"start":{"line":15,"column":70},"end":{"line":15,"column":73}},{"start":{"line":15,"column":76},"end":{"line":15,"column":92}}],"line":15},"1":{"loc":{"start":{"line":15,"column":46},"end":{"line":15,"column":67}},"type":"binary-expr","locations":[{"start":{"line":15,"column":46},"end":{"line":15,"column":49}},{"start":{"line":15,"column":53},"end":{"line":15,"column":67}}],"line":15}},"s":{"0":1,"1":1,"2":1,"3":1,"4":1,"5":1,"6":3,"7":1,"8":1,"9":1,"10":1,"11":1,"12":1,"13":1,"14":1,"15":1,"16":1,"17":1,"18":1,"19":1,"20":1,"21":1,"22":1,"23":1,"24":1,"25":1,"26":1,"27":1,"28":1,"29":1},"f":{"0":3,"1":1,"2":1,"3":1,"4":1},"b":{"0":[1,2],"1":[3,3]},"_coverageSchema":"d34fc3e6b8297bcde183f5492bcb8fcb36775295","hash":"5597c62215e30c1bb7759cbff17040fd85367333","contentHash":"28411cf70c9c3363939bc8251fe0133c_12.0.2"},"C:\\Users\\Tony\\Desktop\\BC_34-myDiary\\server\\test\\Diary\\postDiaryEntryTest\\postDiaryEntryValidation\\descriptionValidation.js":{"path":"C:\\Users\\Tony\\Desktop\\BC_34-myDiary\\server\\test\\Diary\\postDiaryEntryTest\\postDiaryEntryValidation\\descriptionValidation.js","statementMap":{"0":{"start":{"line":3,"column":12},"end":{"line":3,"column":27}},"1":{"start":{"line":5,"column":13},"end":{"line":5,"column":42}},"2":{"start":{"line":7,"column":16},"end":{"line":7,"column":36}},"3":{"start":{"line":9,"column":17},"end":{"line":9,"column":50}},"4":{"start":{"line":11,"column":11},"end":{"line":11,"column":37}},"5":{"start":{"line":13,"column":12},"end":{"line":13,"column":40}},"6":{"start":{"line":15,"column":39},"end":{"line":15,"column":93}},"7":{"start":{"line":17,"column":0},"end":{"line":17,"column":24}},"8":{"start":{"line":18,"column":0},"end":{"line":18,"column":39}},"9":{"start":{"line":20,"column":0},"end":{"line":86,"column":3}},"10":{"start":{"line":21,"column":2},"end":{"line":85,"column":5}},"11":{"start":{"line":22,"column":4},"end":{"line":37,"column":7}},"12":{"start":{"line":23,"column":23},"end":{"line":27,"column":7}},"13":{"start":{"line":28,"column":6},"end":{"line":36,"column":9}},"14":{"start":{"line":29,"column":8},"end":{"line":29,"column":36}},"15":{"start":{"line":30,"column":8},"end":{"line":30,"column":27}},"16":{"start":{"line":31,"column":8},"end":{"line":31,"column":39}},"17":{"start":{"line":32,"column":8},"end":{"line":32,"column":48}},"18":{"start":{"line":33,"column":8},"end":{"line":33,"column":46}},"19":{"start":{"line":34,"column":8},"end":{"line":34,"column":80}},"20":{"start":{"line":35,"column":8},"end":{"line":35,"column":15}},"21":{"start":{"line":38,"column":4},"end":{"line":53,"column":7}},"22":{"start":{"line":39,"column":23},"end":{"line":43,"column":7}},"23":{"start":{"line":44,"column":6},"end":{"line":52,"column":9}},"24":{"start":{"line":45,"column":8},"end":{"line":45,"column":36}},"25":{"start":{"line":46,"column":8},"end":{"line":46,"column":27}},"26":{"start":{"line":47,"column":8},"end":{"line":47,"column":39}},"27":{"start":{"line":48,"column":8},"end":{"line":48,"column":48}},"28":{"start":{"line":49,"column":8},"end":{"line":49,"column":46}},"29":{"start":{"line":50,"column":8},"end":{"line":50,"column":193}},"30":{"start":{"line":51,"column":8},"end":{"line":51,"column":15}},"31":{"start":{"line":54,"column":4},"end":{"line":69,"column":7}},"32":{"start":{"line":55,"column":23},"end":{"line":59,"column":7}},"33":{"start":{"line":60,"column":6},"end":{"line":68,"column":9}},"34":{"start":{"line":61,"column":8},"end":{"line":61,"column":36}},"35":{"start":{"line":62,"column":8},"end":{"line":62,"column":27}},"36":{"start":{"line":63,"column":8},"end":{"line":63,"column":39}},"37":{"start":{"line":64,"column":8},"end":{"line":64,"column":48}},"38":{"start":{"line":65,"column":8},"end":{"line":65,"column":46}},"39":{"start":{"line":66,"column":8},"end":{"line":66,"column":193}},"40":{"start":{"line":67,"column":8},"end":{"line":67,"column":15}},"41":{"start":{"line":70,"column":4},"end":{"line":84,"column":7}},"42":{"start":{"line":71,"column":23},"end":{"line":75,"column":7}},"43":{"start":{"line":76,"column":6},"end":{"line":83,"column":9}},"44":{"start":{"line":77,"column":8},"end":{"line":77,"column":36}},"45":{"start":{"line":78,"column":8},"end":{"line":78,"column":39}},"46":{"start":{"line":79,"column":8},"end":{"line":79,"column":48}},"47":{"start":{"line":80,"column":8},"end":{"line":80,"column":46}},"48":{"start":{"line":81,"column":8},"end":{"line":81,"column":105}},"49":{"start":{"line":82,"column":8},"end":{"line":82,"column":15}}},"fnMap":{"0":{"name":"_interopRequireDefault","decl":{"start":{"line":15,"column":9},"end":{"line":15,"column":31}},"loc":{"start":{"line":15,"column":37},"end":{"line":15,"column":95}},"line":15},"1":{"name":"(anonymous_1)","decl":{"start":{"line":20,"column":26},"end":{"line":20,"column":27}},"loc":{"start":{"line":20,"column":38},"end":{"line":86,"column":1}},"line":20},"2":{"name":"(anonymous_2)","decl":{"start":{"line":21,"column":36},"end":{"line":21,"column":37}},"loc":{"start":{"line":21,"column":48},"end":{"line":85,"column":3}},"line":21},"3":{"name":"(anonymous_3)","decl":{"start":{"line":22,"column":80},"end":{"line":22,"column":81}},"loc":{"start":{"line":22,"column":96},"end":{"line":37,"column":5}},"line":22},"4":{"name":"(anonymous_4)","decl":{"start":{"line":28,"column":89},"end":{"line":28,"column":90}},"loc":{"start":{"line":28,"column":109},"end":{"line":36,"column":7}},"line":28},"5":{"name":"(anonymous_5)","decl":{"start":{"line":38,"column":87},"end":{"line":38,"column":88}},"loc":{"start":{"line":38,"column":103},"end":{"line":53,"column":5}},"line":38},"6":{"name":"(anonymous_6)","decl":{"start":{"line":44,"column":89},"end":{"line":44,"column":90}},"loc":{"start":{"line":44,"column":109},"end":{"line":52,"column":7}},"line":44},"7":{"name":"(anonymous_7)","decl":{"start":{"line":54,"column":112},"end":{"line":54,"column":113}},"loc":{"start":{"line":54,"column":128},"end":{"line":69,"column":5}},"line":54},"8":{"name":"(anonymous_8)","decl":{"start":{"line":60,"column":89},"end":{"line":60,"column":90}},"loc":{"start":{"line":60,"column":109},"end":{"line":68,"column":7}},"line":60},"9":{"name":"(anonymous_9)","decl":{"start":{"line":70,"column":98},"end":{"line":70,"column":99}},"loc":{"start":{"line":70,"column":114},"end":{"line":84,"column":5}},"line":70},"10":{"name":"(anonymous_10)","decl":{"start":{"line":76,"column":89},"end":{"line":76,"column":90}},"loc":{"start":{"line":76,"column":109},"end":{"line":83,"column":7}},"line":76}},"branchMap":{"0":{"loc":{"start":{"line":15,"column":46},"end":{"line":15,"column":92}},"type":"cond-expr","locations":[{"start":{"line":15,"column":70},"end":{"line":15,"column":73}},{"start":{"line":15,"column":76},"end":{"line":15,"column":92}}],"line":15},"1":{"loc":{"start":{"line":15,"column":46},"end":{"line":15,"column":67}},"type":"binary-expr","locations":[{"start":{"line":15,"column":46},"end":{"line":15,"column":49}},{"start":{"line":15,"column":53},"end":{"line":15,"column":67}}],"line":15}},"s":{"0":1,"1":1,"2":1,"3":1,"4":1,"5":1,"6":3,"7":1,"8":1,"9":1,"10":1,"11":1,"12":1,"13":1,"14":1,"15":1,"16":1,"17":1,"18":1,"19":1,"20":1,"21":1,"22":1,"23":1,"24":1,"25":1,"26":1,"27":1,"28":1,"29":1,"30":1,"31":1,"32":1,"33":1,"34":1,"35":1,"36":1,"37":1,"38":1,"39":1,"40":1,"41":1,"42":1,"43":1,"44":1,"45":1,"46":1,"47":1,"48":1,"49":1},"f":{"0":3,"1":1,"2":1,"3":1,"4":1,"5":1,"6":1,"7":1,"8":1,"9":1,"10":1},"b":{"0":[1,2],"1":[3,3]},"_coverageSchema":"d34fc3e6b8297bcde183f5492bcb8fcb36775295","hash":"b1cc3626646a524225ffdac3b96be76c7c47bf49","contentHash":"d48c6201bd18d0f45bc700c8a9adc551_12.0.2"},"C:\\Users\\Tony\\Desktop\\BC_34-myDiary\\server\\test\\Diary\\postDiaryEntryTest\\postDiaryEntryValidation\\privacyValidation.js":{"path":"C:\\Users\\Tony\\Desktop\\BC_34-myDiary\\server\\test\\Diary\\postDiaryEntryTest\\postDiaryEntryValidation\\privacyValidation.js","statementMap":{"0":{"start":{"line":3,"column":12},"end":{"line":3,"column":27}},"1":{"start":{"line":5,"column":13},"end":{"line":5,"column":42}},"2":{"start":{"line":7,"column":16},"end":{"line":7,"column":36}},"3":{"start":{"line":9,"column":17},"end":{"line":9,"column":50}},"4":{"start":{"line":11,"column":11},"end":{"line":11,"column":37}},"5":{"start":{"line":13,"column":12},"end":{"line":13,"column":40}},"6":{"start":{"line":15,"column":39},"end":{"line":15,"column":93}},"7":{"start":{"line":17,"column":0},"end":{"line":17,"column":24}},"8":{"start":{"line":18,"column":0},"end":{"line":18,"column":39}},"9":{"start":{"line":20,"column":0},"end":{"line":54,"column":3}},"10":{"start":{"line":21,"column":2},"end":{"line":53,"column":5}},"11":{"start":{"line":22,"column":4},"end":{"line":36,"column":7}},"12":{"start":{"line":23,"column":23},"end":{"line":27,"column":7}},"13":{"start":{"line":28,"column":6},"end":{"line":35,"column":9}},"14":{"start":{"line":29,"column":8},"end":{"line":29,"column":36}},"15":{"start":{"line":30,"column":8},"end":{"line":30,"column":39}},"16":{"start":{"line":31,"column":8},"end":{"line":31,"column":48}},"17":{"start":{"line":32,"column":8},"end":{"line":32,"column":46}},"18":{"start":{"line":33,"column":8},"end":{"line":33,"column":77}},"19":{"start":{"line":34,"column":8},"end":{"line":34,"column":15}},"20":{"start":{"line":37,"column":4},"end":{"line":52,"column":7}},"21":{"start":{"line":38,"column":23},"end":{"line":42,"column":7}},"22":{"start":{"line":43,"column":6},"end":{"line":51,"column":9}},"23":{"start":{"line":44,"column":8},"end":{"line":44,"column":36}},"24":{"start":{"line":45,"column":8},"end":{"line":45,"column":27}},"25":{"start":{"line":46,"column":8},"end":{"line":46,"column":39}},"26":{"start":{"line":47,"column":8},"end":{"line":47,"column":46}},"27":{"start":{"line":48,"column":8},"end":{"line":48,"column":54}},"28":{"start":{"line":49,"column":8},"end":{"line":49,"column":52}},"29":{"start":{"line":50,"column":8},"end":{"line":50,"column":15}}},"fnMap":{"0":{"name":"_interopRequireDefault","decl":{"start":{"line":15,"column":9},"end":{"line":15,"column":31}},"loc":{"start":{"line":15,"column":37},"end":{"line":15,"column":95}},"line":15},"1":{"name":"(anonymous_1)","decl":{"start":{"line":20,"column":26},"end":{"line":20,"column":27}},"loc":{"start":{"line":20,"column":38},"end":{"line":54,"column":1}},"line":20},"2":{"name":"(anonymous_2)","decl":{"start":{"line":21,"column":36},"end":{"line":21,"column":37}},"loc":{"start":{"line":21,"column":48},"end":{"line":53,"column":3}},"line":21},"3":{"name":"(anonymous_3)","decl":{"start":{"line":22,"column":108},"end":{"line":22,"column":109}},"loc":{"start":{"line":22,"column":124},"end":{"line":36,"column":5}},"line":22},"4":{"name":"(anonymous_4)","decl":{"start":{"line":28,"column":89},"end":{"line":28,"column":90}},"loc":{"start":{"line":28,"column":109},"end":{"line":35,"column":7}},"line":28},"5":{"name":"(anonymous_5)","decl":{"start":{"line":37,"column":99},"end":{"line":37,"column":100}},"loc":{"start":{"line":37,"column":115},"end":{"line":52,"column":5}},"line":37},"6":{"name":"(anonymous_6)","decl":{"start":{"line":43,"column":89},"end":{"line":43,"column":90}},"loc":{"start":{"line":43,"column":109},"end":{"line":51,"column":7}},"line":43}},"branchMap":{"0":{"loc":{"start":{"line":15,"column":46},"end":{"line":15,"column":92}},"type":"cond-expr","locations":[{"start":{"line":15,"column":70},"end":{"line":15,"column":73}},{"start":{"line":15,"column":76},"end":{"line":15,"column":92}}],"line":15},"1":{"loc":{"start":{"line":15,"column":46},"end":{"line":15,"column":67}},"type":"binary-expr","locations":[{"start":{"line":15,"column":46},"end":{"line":15,"column":49}},{"start":{"line":15,"column":53},"end":{"line":15,"column":67}}],"line":15}},"s":{"0":1,"1":1,"2":1,"3":1,"4":1,"5":1,"6":3,"7":1,"8":1,"9":1,"10":1,"11":1,"12":1,"13":1,"14":1,"15":1,"16":1,"17":1,"18":1,"19":1,"20":1,"21":1,"22":1,"23":1,"24":1,"25":1,"26":1,"27":1,"28":1,"29":1},"f":{"0":3,"1":1,"2":1,"3":1,"4":1,"5":1,"6":1},"b":{"0":[1,2],"1":[3,3]},"_coverageSchema":"d34fc3e6b8297bcde183f5492bcb8fcb36775295","hash":"c22673fe1d8a46e55e863d10697b0ce9b082d739","contentHash":"d45a00f4b9204ee492a84404660832a0_12.0.2"},"C:\\Users\\Tony\\Desktop\\BC_34-myDiary\\server\\test\\Diary\\postDiaryEntryTest\\postDiaryEntryValidation\\titleValidationTest.js":{"path":"C:\\Users\\Tony\\Desktop\\BC_34-myDiary\\server\\test\\Diary\\postDiaryEntryTest\\postDiaryEntryValidation\\titleValidationTest.js","statementMap":{"0":{"start":{"line":3,"column":12},"end":{"line":3,"column":27}},"1":{"start":{"line":5,"column":13},"end":{"line":5,"column":42}},"2":{"start":{"line":7,"column":16},"end":{"line":7,"column":36}},"3":{"start":{"line":9,"column":17},"end":{"line":9,"column":50}},"4":{"start":{"line":11,"column":11},"end":{"line":11,"column":37}},"5":{"start":{"line":13,"column":12},"end":{"line":13,"column":40}},"6":{"start":{"line":15,"column":39},"end":{"line":15,"column":93}},"7":{"start":{"line":17,"column":0},"end":{"line":17,"column":24}},"8":{"start":{"line":18,"column":0},"end":{"line":18,"column":39}},"9":{"start":{"line":20,"column":0},"end":{"line":71,"column":3}},"10":{"start":{"line":21,"column":2},"end":{"line":70,"column":5}},"11":{"start":{"line":22,"column":4},"end":{"line":37,"column":7}},"12":{"start":{"line":23,"column":23},"end":{"line":27,"column":7}},"13":{"start":{"line":28,"column":6},"end":{"line":36,"column":9}},"14":{"start":{"line":29,"column":8},"end":{"line":29,"column":36}},"15":{"start":{"line":30,"column":8},"end":{"line":30,"column":27}},"16":{"start":{"line":31,"column":8},"end":{"line":31,"column":39}},"17":{"start":{"line":32,"column":8},"end":{"line":32,"column":48}},"18":{"start":{"line":33,"column":8},"end":{"line":33,"column":46}},"19":{"start":{"line":34,"column":8},"end":{"line":34,"column":68}},"20":{"start":{"line":35,"column":8},"end":{"line":35,"column":15}},"21":{"start":{"line":38,"column":4},"end":{"line":53,"column":7}},"22":{"start":{"line":39,"column":23},"end":{"line":43,"column":7}},"23":{"start":{"line":44,"column":6},"end":{"line":52,"column":9}},"24":{"start":{"line":45,"column":8},"end":{"line":45,"column":36}},"25":{"start":{"line":46,"column":8},"end":{"line":46,"column":27}},"26":{"start":{"line":47,"column":8},"end":{"line":47,"column":39}},"27":{"start":{"line":48,"column":8},"end":{"line":48,"column":48}},"28":{"start":{"line":49,"column":8},"end":{"line":49,"column":46}},"29":{"start":{"line":50,"column":8},"end":{"line":50,"column":138}},"30":{"start":{"line":51,"column":8},"end":{"line":51,"column":15}},"31":{"start":{"line":54,"column":4},"end":{"line":69,"column":7}},"32":{"start":{"line":55,"column":23},"end":{"line":59,"column":7}},"33":{"start":{"line":60,"column":6},"end":{"line":68,"column":9}},"34":{"start":{"line":61,"column":8},"end":{"line":61,"column":36}},"35":{"start":{"line":62,"column":8},"end":{"line":62,"column":27}},"36":{"start":{"line":63,"column":8},"end":{"line":63,"column":39}},"37":{"start":{"line":64,"column":8},"end":{"line":64,"column":48}},"38":{"start":{"line":65,"column":8},"end":{"line":65,"column":46}},"39":{"start":{"line":66,"column":8},"end":{"line":66,"column":97}},"40":{"start":{"line":67,"column":8},"end":{"line":67,"column":15}}},"fnMap":{"0":{"name":"_interopRequireDefault","decl":{"start":{"line":15,"column":9},"end":{"line":15,"column":31}},"loc":{"start":{"line":15,"column":37},"end":{"line":15,"column":95}},"line":15},"1":{"name":"(anonymous_1)","decl":{"start":{"line":20,"column":26},"end":{"line":20,"column":27}},"loc":{"start":{"line":20,"column":38},"end":{"line":71,"column":1}},"line":20},"2":{"name":"(anonymous_2)","decl":{"start":{"line":21,"column":36},"end":{"line":21,"column":37}},"loc":{"start":{"line":21,"column":48},"end":{"line":70,"column":3}},"line":21},"3":{"name":"(anonymous_3)","decl":{"start":{"line":22,"column":74},"end":{"line":22,"column":75}},"loc":{"start":{"line":22,"column":90},"end":{"line":37,"column":5}},"line":22},"4":{"name":"(anonymous_4)","decl":{"start":{"line":28,"column":89},"end":{"line":28,"column":90}},"loc":{"start":{"line":28,"column":109},"end":{"line":36,"column":7}},"line":28},"5":{"name":"(anonymous_5)","decl":{"start":{"line":38,"column":93},"end":{"line":38,"column":94}},"loc":{"start":{"line":38,"column":109},"end":{"line":53,"column":5}},"line":38},"6":{"name":"(anonymous_6)","decl":{"start":{"line":44,"column":89},"end":{"line":44,"column":90}},"loc":{"start":{"line":44,"column":109},"end":{"line":52,"column":7}},"line":44},"7":{"name":"(anonymous_7)","decl":{"start":{"line":54,"column":106},"end":{"line":54,"column":107}},"loc":{"start":{"line":54,"column":122},"end":{"line":69,"column":5}},"line":54},"8":{"name":"(anonymous_8)","decl":{"start":{"line":60,"column":89},"end":{"line":60,"column":90}},"loc":{"start":{"line":60,"column":109},"end":{"line":68,"column":7}},"line":60}},"branchMap":{"0":{"loc":{"start":{"line":15,"column":46},"end":{"line":15,"column":92}},"type":"cond-expr","locations":[{"start":{"line":15,"column":70},"end":{"line":15,"column":73}},{"start":{"line":15,"column":76},"end":{"line":15,"column":92}}],"line":15},"1":{"loc":{"start":{"line":15,"column":46},"end":{"line":15,"column":67}},"type":"binary-expr","locations":[{"start":{"line":15,"column":46},"end":{"line":15,"column":49}},{"start":{"line":15,"column":53},"end":{"line":15,"column":67}}],"line":15}},"s":{"0":1,"1":1,"2":1,"3":1,"4":1,"5":1,"6":3,"7":1,"8":1,"9":1,"10":1,"11":1,"12":1,"13":1,"14":1,"15":1,"16":1,"17":1,"18":1,"19":1,"20":1,"21":1,"22":1,"23":1,"24":1,"25":1,"26":1,"27":1,"28":1,"29":1,"30":1,"31":1,"32":1,"33":1,"34":1,"35":1,"36":1,"37":1,"38":1,"39":1,"40":1},"f":{"0":3,"1":1,"2":1,"3":1,"4":1,"5":1,"6":1,"7":1,"8":1},"b":{"0":[1,2],"1":[3,3]},"_coverageSchema":"d34fc3e6b8297bcde183f5492bcb8fcb36775295","hash":"bc9467581cc19dc0c2ba40eaee16f42259517840","contentHash":"669195424f621ae20c93e00f7926a13f_12.0.2"}}